2019-03-29 11:18:50 +0000  Initial pipeline context: <IDEDistributionProcessingPipelineContext: 0x7fc4c8f78670; archive(resolved)='<IDEArchive: 0x7fc4d2f74390>', distributionTask(resolved)='2', distributionDestination(resolved)='1', distributionMethod(resolved)='<IDEDistributionMethodAdHoc: 0x7fc4d2f9dbb0>', team(resolved)='<IDEProvisioningDisambiguatableBasicTeam: 0x7fc4f381c8d0; teamID='H8R8QP4VC6', teamName='LANCENS TECHNOLOGY INC.', teamType='Company', username='apps@lancens.com', isFreeProvisioningTeam='0'>'>
	Chain (12, self inclusive):
	<IDEDistributionProcessingPipelineContext: 0x7fc4c8f78670; archive = '<IDEArchive: 0x7fc4d2f74390>', distributionMethod='<IDEDistributionMethodAdHoc: 0x7fc4d2f9dbb0>', team='<IDEProvisioningDisambiguatableBasicTeam: 0x7fc4f381c8d0; teamID='H8R8QP4VC6', teamName='LANCENS TECHNOLOGY INC.', teamType='Company', username='apps@lancens.com', isFreeProvisioningTeam='0'>'>
	<IDEDistributionProcessingPipelineContext: 0x7fc4bb09d2f0; archive = '<IDEArchive: 0x7fc4d2f74390>', distributionMethod='<IDEDistributionMethodAdHoc: 0x7fc4d2f9dbb0>', team='<IDEProvisioningDisambiguatableBasicTeam: 0x7fc4f381c8d0; teamID='H8R8QP4VC6', teamName='LANCENS TECHNOLOGY INC.', teamType='Company', username='apps@lancens.com', isFreeProvisioningTeam='0'>'>
	<IDEDistributionContext: 0x7fc4e5235830; archive = '<IDEArchive: 0x7fc4d2f74390>', distributionMethod='<IDEDistributionMethodAdHoc: 0x7fc4d2f9dbb0>', team='<IDEProvisioningDisambiguatableBasicTeam: 0x7fc4f381c8d0; teamID='H8R8QP4VC6', teamName='LANCENS TECHNOLOGY INC.', teamType='Company', username='apps@lancens.com', isFreeProvisioningTeam='0'>'>
	<IDEDistributionContext: 0x7fc4ebe51020; archive = '<IDEArchive: 0x7fc4d2f74390>', distributionMethod='<IDEDistributionMethodAdHoc: 0x7fc4d2f9dbb0>', team='<IDEProvisioningDisambiguatableBasicTeam: 0x7fc4f381c8d0; teamID='H8R8QP4VC6', teamName='LANCENS TECHNOLOGY INC.', teamType='Company', username='apps@lancens.com', isFreeProvisioningTeam='0'>'>
	<IDEDistributionContext: 0x7fc4df5a5a90; archive = '<IDEArchive: 0x7fc4d2f74390>', distributionMethod='<IDEDistributionMethodAdHoc: 0x7fc4d2f9dbb0>', team='<IDEProvisioningDisambiguatableBasicTeam: 0x7fc4f381c8d0; teamID='H8R8QP4VC6', teamName='LANCENS TECHNOLOGY INC.', teamType='Company', username='apps@lancens.com', isFreeProvisioningTeam='0'>'>
	<IDEDistributionContext: 0x7fc4fd07bec0; archive = '<IDEArchive: 0x7fc4d2f74390>', distributionMethod='<IDEDistributionMethodAdHoc: 0x7fc4d2f9dbb0>', team='<IDEProvisioningDisambiguatableBasicTeam: 0x7fc4f381c8d0; teamID='H8R8QP4VC6', teamName='LANCENS TECHNOLOGY INC.', teamType='Company', username='apps@lancens.com', isFreeProvisioningTeam='0'>'>
	<IDEDistributionContext: 0x7fc4bb3eccc0; archive = '<IDEArchive: 0x7fc4d2f74390>', distributionMethod='<IDEDistributionMethodAdHoc: 0x7fc4d2f9dbb0>', team='<IDEProvisioningDisambiguatableBasicTeam: 0x7fc4f381c8d0; teamID='H8R8QP4VC6', teamName='LANCENS TECHNOLOGY INC.', teamType='Company', username='apps@lancens.com', isFreeProvisioningTeam='0'>'>
	<IDEDistributionContext: 0x7fc4fd096760; archive = '<IDEArchive: 0x7fc4d2f74390>', distributionMethod='<IDEDistributionMethodAdHoc: 0x7fc4d2f9dbb0>', team='<IDEProvisioningDisambiguatableBasicTeam: 0x7fc4f381c8d0; teamID='H8R8QP4VC6', teamName='LANCENS TECHNOLOGY INC.', teamType='Company', username='apps@lancens.com', isFreeProvisioningTeam='0'>'>
	<IDEDistributionContext: 0x7fc4e0e1df90; archive = '<IDEArchive: 0x7fc4d2f74390>', distributionMethod='<IDEDistributionMethodAdHoc: 0x7fc4d2f9dbb0>', team='<IDEProvisioningDisambiguatableBasicTeam: 0x7fc4f381c8d0; teamID='H8R8QP4VC6', teamName='LANCENS TECHNOLOGY INC.', teamType='Company', username='apps@lancens.com', isFreeProvisioningTeam='0'>'>
	<IDEDistributionContext: 0x7fc4d03c7fe0; archive = '<IDEArchive: 0x7fc4d2f74390>', distributionMethod='<IDEDistributionMethodAdHoc: 0x7fc4d2f9dbb0>', team='(null)'>
	<IDEDistributionContext: 0x7fc4f87c2d90; archive = '<IDEArchive: 0x7fc4d2f74390>', distributionMethod='<IDEDistributionMethodAdHoc: 0x7fc4d2f9dbb0>', team='(null)'>
	<IDEDistributionContext: 0x7fc4b1b28b70; archive = '<IDEArchive: 0x7fc4d2f74390>', distributionMethod='(null)', team='(null)'>
</IDEDistributionProcessingPipelineContext: 0x7fc4c8f78670>
2019-03-29 11:18:50 +0000  Processing step: IDEDistributionCreateDestRootStep
2019-03-29 11:18:50 +0000  Processing step: IDEDistributionCopyItemStep
2019-03-29 11:18:50 +0000  Running /usr/bin/ditto '-V' '/Users/lancens/Library/Developer/Xcode/Archives/2019-03-29/LPDoorBell 2019-3-29, 7.02 PM.xcarchive/Products/Applications/LPDoorBell.app' '/var/folders/w_/mg72s7pd7593w8100f6_gd7r0000gn/T/XcodeDistPipeline.5G2/Root/Payload/LPDoorBell.app'
2019-03-29 11:18:50 +0000  >>> Copying /Users/lancens/Library/Developer/Xcode/Archives/2019-03-29/LPDoorBell 2019-3-29, 7.02 PM.xcarchive/Products/Applications/LPDoorBell.app 
2019-03-29 11:18:50 +0000  copying file ./_CodeSignature/CodeResources ... 
2019-03-29 11:18:50 +0000  51755 bytes for ./_CodeSignature/CodeResources
2019-03-29 11:18:50 +0000  copying file ./ic_unlock_press.png ... 
2019-03-29 11:18:50 +0000  3728 bytes for ./ic_unlock_press.png
2019-03-29 11:18:50 +0000  copying file ./AV_audioaccept_normal@2x.png ... 
2019-03-29 11:18:50 +0000  1119 bytes for ./AV_audioaccept_normal@2x.png
2019-03-29 11:18:50 +0000  copying file ./ic_wechat.png ... 
2019-03-29 11:18:50 +0000  10292 bytes for ./ic_wechat.png
2019-03-29 11:18:50 +0000  copying file ./add.png ... 
2019-03-29 11:18:50 +0000  1399 bytes for ./add.png
2019-03-29 11:18:50 +0000  copying file ./fav_fileicon_recording90@3x.png ... 
2019-03-29 11:18:50 +0000  1780 bytes for ./fav_fileicon_recording90@3x.png
2019-03-29 11:18:50 +0000  copying file ./Hangup.png ... 
2019-03-29 11:18:50 +0000  3715 bytes for ./Hangup.png
2019-03-29 11:18:50 +0000  copying file ./zh-Hans.lproj/Localizable.strings ... 
2019-03-29 11:18:50 +0000  23413 bytes for ./zh-Hans.lproj/Localizable.strings
2019-03-29 11:18:50 +0000  copying file ./zh-Hans.lproj/InfoPlist.strings ... 
2019-03-29 11:18:50 +0000  390 bytes for ./zh-Hans.lproj/InfoPlist.strings
2019-03-29 11:18:50 +0000  copying file ./ic_right_normal.png ... 
2019-03-29 11:18:50 +0000  673 bytes for ./ic_right_normal.png
2019-03-29 11:18:50 +0000  copying file ./未确认好友.png ... 
2019-03-29 11:18:50 +0000  7660 bytes for ./未确认好友.png
2019-03-29 11:18:50 +0000  copying file ./login_key_hightlighted.png ... 
2019-03-29 11:18:50 +0000  493 bytes for ./login_key_hightlighted.png
2019-03-29 11:18:50 +0000  copying file ./IconVoiceRed@2x.png ... 
2019-03-29 11:18:50 +0000  2221 bytes for ./IconVoiceRed@2x.png
2019-03-29 11:18:50 +0000  copying file ./event.png ... 
2019-03-29 11:18:50 +0000  2715 bytes for ./event.png
2019-03-29 11:18:50 +0000  copying file ./tab_buddy_press@3x.png ... 
2019-03-29 11:18:50 +0000  1575 bytes for ./tab_buddy_press@3x.png
2019-03-29 11:18:50 +0000  copying file ./QUIIconArrow@2x.png ... 
2019-03-29 11:18:50 +0000  250 bytes for ./QUIIconArrow@2x.png
2019-03-29 11:18:50 +0000  copying file ./Battery.png ... 
2019-03-29 11:18:50 +0000  4086 bytes for ./Battery.png
2019-03-29 11:18:50 +0000  copying file ./en.lproj/Localizable.strings ... 
2019-03-29 11:18:50 +0000  26881 bytes for ./en.lproj/Localizable.strings
2019-03-29 11:18:50 +0000  copying file ./en.lproj/InfoPlist.strings ... 
2019-03-29 11:18:50 +0000  509 bytes for ./en.lproj/InfoPlist.strings
2019-03-29 11:18:50 +0000  copying file ./timezones_en.xml ... 
2019-03-29 11:18:50 +0000  5043 bytes for ./timezones_en.xml
2019-03-29 11:18:50 +0000  copying file ./ic_about.png ... 
2019-03-29 11:18:50 +0000  1451 bytes for ./ic_about.png
2019-03-29 11:18:50 +0000  copying file ./bottleBkg@2x.jpg ... 
2019-03-29 11:18:50 +0000  55375 bytes for ./bottleBkg@2x.jpg
2019-03-29 11:18:50 +0000  copying file ./nav_icon_r_more@2x.png ... 
2019-03-29 11:18:50 +0000  243 bytes for ./nav_icon_r_more@2x.png
2019-03-29 11:18:50 +0000  copying file ./b4xx 2.png ... 
2019-03-29 11:18:50 +0000  6803 bytes for ./b4xx 2.png
2019-03-29 11:18:50 +0000  copying file ./接受好友添加.png ... 
2019-03-29 11:18:50 +0000  1808 bytes for ./接受好友添加.png
2019-03-29 11:18:50 +0000  copying file ./ic_add_black.png ... 
2019-03-29 11:18:50 +0000  482 bytes for ./ic_add_black.png
2019-03-29 11:18:50 +0000  copying file ./shoot.mp3 ... 
2019-03-29 11:18:50 +0000  8088 bytes for ./shoot.mp3
2019-03-29 11:18:50 +0000  copying file ./册除好友.png ... 
2019-03-29 11:18:50 +0000  1634 bytes for ./册除好友.png
2019-03-29 11:18:50 +0000  copying file ./ic_qrcode_scan_white.png ... 
2019-03-29 11:18:50 +0000  187 bytes for ./ic_qrcode_scan_white.png
2019-03-29 11:18:50 +0000  copying file ./ic_arrow_right_black.png ... 
2019-03-29 11:18:50 +0000  307 bytes for ./ic_arrow_right_black.png
2019-03-29 11:18:50 +0000  copying file ./img_title_background.jpg ... 
2019-03-29 11:18:50 +0000  44866 bytes for ./img_title_background.jpg
2019-03-29 11:18:50 +0000  copying file ./user_selected.png ... 
2019-03-29 11:18:50 +0000  4886 bytes for ./user_selected.png
2019-03-29 11:18:50 +0000  copying file ./LocalVideoManagerViewController.nib ... 
2019-03-29 11:18:50 +0000  974 bytes for ./LocalVideoManagerViewController.nib
2019-03-29 11:18:50 +0000  copying file ./ic_call_decline_normal.png ... 
2019-03-29 11:18:50 +0000  1284 bytes for ./ic_call_decline_normal.png
2019-03-29 11:18:50 +0000  copying file ./IconVoiceRed@3x.png ... 
2019-03-29 11:18:50 +0000  2888 bytes for ./IconVoiceRed@3x.png
2019-03-29 11:18:50 +0000  copying file ./icon24_wx_button.png ... 
2019-03-29 11:18:50 +0000  1523 bytes for ./icon24_wx_button.png
2019-03-29 11:18:50 +0000  copying file ./tab_qworld_press@3x.png ... 
2019-03-29 11:18:50 +0000  1262 bytes for ./tab_qworld_press@3x.png
2019-03-29 11:18:50 +0000  copying file ./b4xx 1.png ... 
2019-03-29 11:18:50 +0000  7029 bytes for ./b4xx 1.png
2019-03-29 11:18:50 +0000  copying file ./ic_unlock_pressed.png ... 
2019-03-29 11:18:50 +0000  2822 bytes for ./ic_unlock_pressed.png
2019-03-29 11:18:50 +0000  copying file ./ic_loading.png ... 
2019-03-29 11:18:50 +0000  1083 bytes for ./ic_loading.png
2019-03-29 11:18:50 +0000  copying file ./speak.png ... 
2019-03-29 11:18:50 +0000  3814 bytes for ./speak.png
2019-03-29 11:18:50 +0000  copying file ./fav_fileicon_recording90@2x.png ... 
2019-03-29 11:18:50 +0000  946 bytes for ./fav_fileicon_recording90@2x.png
copying file ./login_key.png ... 
2019-03-29 11:18:50 +0000  270 bytes for ./login_key.png
2019-03-29 11:18:50 +0000  copying file ./tab_buddy_nor@3x.png ... 
2019-03-29 11:18:50 +0000  2511 bytes for ./tab_buddy_nor@3x.png
2019-03-29 11:18:50 +0000  copying file ./群组.png ... 
2019-03-29 11:18:50 +0000  4789 bytes for ./群组.png
2019-03-29 11:18:50 +0000  copying file ./MJRefresh.bundle/zh-Hans.lproj/Localizable.strings ... 
2019-03-29 11:18:50 +0000  1194 bytes for ./MJRefresh.bundle/zh-Hans.lproj/Localizable.strings
2019-03-29 11:18:50 +0000  copying file ./MJRefresh.bundle/en.lproj/Localizable.strings ... 
2019-03-29 11:18:50 +0000  1372 bytes for ./MJRefresh.bundle/en.lproj/Localizable.strings
2019-03-29 11:18:50 +0000  copying file ./MJRefresh.bundle/arrow@2x.png ... 
2019-03-29 11:18:50 +0000  1033 bytes for ./MJRefresh.bundle/arrow@2x.png
2019-03-29 11:18:50 +0000  copying file ./MJRefresh.bundle/zh-Hant.lproj/Localizable.strings ... 
2019-03-29 11:18:50 +0000  773 bytes for ./MJRefresh.bundle/zh-Hant.lproj/Localizable.strings
2019-03-29 11:18:50 +0000  copying file ./ic_thumb.png ... 
2019-03-29 11:18:50 +0000  522 bytes for ./ic_thumb.png
2019-03-29 11:18:50 +0000  copying file ./ic_answer_move.png ... 
2019-03-29 11:18:50 +0000  3267 bytes for ./ic_answer_move.png
2019-03-29 11:18:50 +0000  copying file ./ic_wifi_signal_strong.png ... 
2019-03-29 11:18:50 +0000  1137 bytes for ./ic_wifi_signal_strong.png
2019-03-29 11:18:50 +0000  copying file ./PlugIns/LSNotificationServiceExtension.appex/_CodeSignature/CodeResources ... 
2019-03-29 11:18:50 +0000  2670 bytes for ./PlugIns/LSNotificationServiceExtension.appex/_CodeSignature/CodeResources
2019-03-29 11:18:50 +0000  copying file ./PlugIns/LSNotificationServiceExtension.appex/LSNotificationServiceExtension ... 
2019-03-29 11:18:50 +0000  170736 bytes for ./PlugIns/LSNotificationServiceExtension.appex/LSNotificationServiceExtension
2019-03-29 11:18:50 +0000  copying file ./PlugIns/LSNotificationServiceExtension.appex/lock_ic.png ... 
2019-03-29 11:18:50 +0000  2360 bytes for ./PlugIns/LSNotificationServiceExtension.appex/lock_ic.png
2019-03-29 11:18:50 +0000  copying file ./PlugIns/LSNotificationServiceExtension.appex/embedded.mobileprovision ... 
2019-03-29 11:18:50 +0000  18069 bytes for ./PlugIns/LSNotificationServiceExtension.appex/embedded.mobileprovision
copying file ./PlugIns/LSNotificationServiceExtension.appex/Info.plist ... 
2019-03-29 11:18:50 +0000  1008 bytes for ./PlugIns/LSNotificationServiceExtension.appex/Info.plist
2019-03-29 11:18:50 +0000  copying file ./PlugIns/LSNotificationServiceExtension.appex/bat_ic.png ... 
2019-03-29 11:18:50 +0000  5857 bytes for ./PlugIns/LSNotificationServiceExtension.appex/bat_ic.png
2019-03-29 11:18:50 +0000  copying file ./PlugIns/LSNotificationContentExtension.appex/_CodeSignature/CodeResources ... 
2019-03-29 11:18:50 +0000  4156 bytes for ./PlugIns/LSNotificationContentExtension.appex/_CodeSignature/CodeResources
2019-03-29 11:18:50 +0000  copying file ./PlugIns/LSNotificationContentExtension.appex/Base.lproj/MainInterface.storyboardc/UIViewController-M4Y-Lb-cyx.nib/objects-11.0+.nib ... 
2019-03-29 11:18:50 +0000  1007 bytes for ./PlugIns/LSNotificationContentExtension.appex/Base.lproj/MainInterface.storyboardc/UIViewController-M4Y-Lb-cyx.nib/objects-11.0+.nib
2019-03-29 11:18:50 +0000  copying file ./PlugIns/LSNotificationContentExtension.appex/Base.lproj/MainInterface.storyboardc/UIViewController-M4Y-Lb-cyx.nib/runtime.nib ... 
2019-03-29 11:18:50 +0000  1007 bytes for ./PlugIns/LSNotificationContentExtension.appex/Base.lproj/MainInterface.storyboardc/UIViewController-M4Y-Lb-cyx.nib/runtime.nib
2019-03-29 11:18:50 +0000  copying file ./PlugIns/LSNotificationContentExtension.appex/Base.lproj/MainInterface.storyboardc/M4Y-Lb-cyx-view-S3S-Oj-5AN.nib/objects-11.0+.nib ... 
2019-03-29 11:18:50 +0000  3245 bytes for ./PlugIns/LSNotificationContentExtension.appex/Base.lproj/MainInterface.storyboardc/M4Y-Lb-cyx-view-S3S-Oj-5AN.nib/objects-11.0+.nib
2019-03-29 11:18:50 +0000  copying file ./PlugIns/LSNotificationContentExtension.appex/Base.lproj/MainInterface.storyboardc/M4Y-Lb-cyx-view-S3S-Oj-5AN.nib/runtime.nib ... 
2019-03-29 11:18:50 +0000  3376 bytes for ./PlugIns/LSNotificationContentExtension.appex/Base.lproj/MainInterface.storyboardc/M4Y-Lb-cyx-view-S3S-Oj-5AN.nib/runtime.nib
2019-03-29 11:18:50 +0000  copying file ./PlugIns/LSNotificationContentExtension.appex/Base.lproj/MainInterface.storyboardc/Info.plist ... 
2019-03-29 11:18:50 +0000  258 bytes for ./PlugIns/LSNotificationContentExtension.appex/Base.lproj/MainInterface.storyboardc/Info.plist
2019-03-29 11:18:50 +0000  copying file ./PlugIns/LSNotificationContentExtension.appex/LSNotificationContentExtension ... 
2019-03-29 11:18:50 +0000  168960 bytes for ./PlugIns/LSNotificationContentExtension.appex/LSNotificationContentExtension
2019-03-29 11:18:50 +0000  copying file ./PlugIns/LSNotificationContentExtension.appex/embedded.mobileprovision ... 
2019-03-29 11:18:50 +0000  18069 bytes for ./PlugIns/LSNotificationContentExtension.appex/embedded.mobileprovision
2019-03-29 11:18:50 +0000  copying file ./PlugIns/LSNotificationContentExtension.appex/Info.plist ... 
2019-03-29 11:18:50 +0000  1106 bytes for ./PlugIns/LSNotificationContentExtension.appex/Info.plist
2019-03-29 11:18:50 +0000  copying file ./ic_device_normal@3x.png ... 
2019-03-29 11:18:50 +0000  7444 bytes for ./ic_device_normal@3x.png
2019-03-29 11:18:50 +0000  copying file ./AppIcon60x60@2x.png ... 
2019-03-29 11:18:50 +0000  9278 bytes for ./AppIcon60x60@2x.png
2019-03-29 11:18:50 +0000  copying file ./FTC.plist ... 
2019-03-29 11:18:50 +0000  255 bytes for ./FTC.plist
2019-03-29 11:18:50 +0000  copying file ./ic_add.png ... 
2019-03-29 11:18:50 +0000  541 bytes for ./ic_add.png
2019-03-29 11:18:50 +0000  copying file ./ic_live_checked@3x.png ... 
2019-03-29 11:18:50 +0000  6075 bytes for ./ic_live_checked@3x.png
2019-03-29 11:18:50 +0000  copying file ./添加新好友.png ... 
2019-03-29 11:18:50 +0000  3881 bytes for ./添加新好友.png
2019-03-29 11:18:50 +0000  copying file ./Handup_press.png ... 
2019-03-29 11:18:50 +0000  3765 bytes for ./Handup_press.png
2019-03-29 11:18:50 +0000  copying file ./qvip_profile_card_simplified_plus@2x.png ... 
2019-03-29 11:18:50 +0000  163 bytes for ./qvip_profile_card_simplified_plus@2x.png
2019-03-29 11:18:50 +0000  copying file ./user_selected_no.png ... 
2019-03-29 11:18:50 +0000  4882 bytes for ./user_selected_no.png
2019-03-29 11:18:50 +0000  copying file ./ic_unfinish.jpg ... 
2019-03-29 11:18:50 +0000  10259 bytes for ./ic_unfinish.jpg
2019-03-29 11:18:50 +0000  copying file ./ic_wifi.png ... 
2019-03-29 11:18:50 +0000  4092 bytes for ./ic_wifi.png
2019-03-29 11:18:50 +0000  copying file ./HDBleTableViewCell.nib ... 
2019-03-29 11:18:50 +0000  3635 bytes for ./HDBleTableViewCell.nib
2019-03-29 11:18:50 +0000  copying file ./ic_pause.png ... 
2019-03-29 11:18:50 +0000  508 bytes for ./ic_pause.png
2019-03-29 11:18:50 +0000  copying file ./pick_bg.png ... 
2019-03-29 11:18:50 +0000  4021 bytes for ./pick_bg.png
2019-03-29 11:18:50 +0000  copying file ./ic_play_normal1.png ... 
2019-03-29 11:18:50 +0000  42358 bytes for ./ic_play_normal1.png
2019-03-29 11:18:50 +0000  copying file ./TimeZoneSettingViewController.nib ... 
2019-03-29 11:18:50 +0000  974 bytes for ./TimeZoneSettingViewController.nib
2019-03-29 11:18:50 +0000  copying file ./noti3.png ... 
2019-03-29 11:18:50 +0000  14986 bytes for ./noti3.png
2019-03-29 11:18:50 +0000  copying file ./eventListPlaceholder.png ... 
2019-03-29 11:18:50 +0000  6905 bytes for ./eventListPlaceholder.png
2019-03-29 11:18:50 +0000  copying file ./img_record_setting_background.png ... 
2019-03-29 11:18:50 +0000  19444 bytes for ./img_record_setting_background.png
2019-03-29 11:18:50 +0000  copying file ./AV_red_normal@2x.png ... 
2019-03-29 11:18:50 +0000  1344 bytes for ./AV_red_normal@2x.png
2019-03-29 11:18:50 +0000  copying file ./QUIArrow_Gray@2x.png ... 
2019-03-29 11:18:50 +0000  275 bytes for ./QUIArrow_Gray@2x.png
2019-03-29 11:18:50 +0000  copying file ./Battery_white.png ... 
2019-03-29 11:18:50 +0000  3620 bytes for ./Battery_white.png
2019-03-29 11:18:50 +0000  copying file ./HDThirdBleConfigViewController.nib ... 
2019-03-29 11:18:50 +0000  9801 bytes for ./HDThirdBleConfigViewController.nib
2019-03-29 11:18:50 +0000  copying file ./AV_red_pressed@2x.png ... 
2019-03-29 11:18:50 +0000  2122 bytes for ./AV_red_pressed@2x.png
2019-03-29 11:18:50 +0000  copying file ./noti2.png ... 
2019-03-29 11:18:50 +0000  14985 bytes for ./noti2.png
2019-03-29 11:18:50 +0000  copying file ./bar2按下.png ... 
2019-03-29 11:18:50 +0000  1250 bytes for ./bar2按下.png
2019-03-29 11:18:50 +0000  copying file ./edit1.png ... 
2019-03-29 11:18:50 +0000  957 bytes for ./edit1.png
2019-03-29 11:18:50 +0000  copying file ./ic_live_normal@3x.png ... 
2019-03-29 11:18:50 +0000  7490 bytes for ./ic_live_normal@3x.png
2019-03-29 11:18:50 +0000  copying file ./已确认好友.png ... 
2019-03-29 11:18:50 +0000  6810 bytes for ./已确认好友.png
2019-03-29 11:18:50 +0000  copying file ./pick_bg@2x.png ... 
2019-03-29 11:18:50 +0000  4258 bytes for ./pick_bg@2x.png
2019-03-29 11:18:50 +0000  copying file ./ic_unchecked.png ... 
2019-03-29 11:18:50 +0000  925 bytes for ./ic_unchecked.png
2019-03-29 11:18:50 +0000  copying file ./timezones_zh.xml ... 
2019-03-29 11:18:50 +0000  9575 bytes for ./timezones_zh.xml
2019-03-29 11:18:50 +0000  copying file ./ic_share.png ... 
2019-03-29 11:18:50 +0000  1676 bytes for ./ic_share.png
2019-03-29 11:18:50 +0000  copying file ./Base.lproj/Localizable.strings ... 
2019-03-29 11:18:50 +0000  26864 bytes for ./Base.lproj/Localizable.strings
2019-03-29 11:18:50 +0000  copying file ./Base.lproj/InfoPlist.strings ... 
2019-03-29 11:18:50 +0000  509 bytes for ./Base.lproj/InfoPlist.strings
2019-03-29 11:18:50 +0000  copying file ./Base.lproj/Main.storyboardc/UIViewController-BYZ-38-t0r.nib ... 
2019-03-29 11:18:50 +0000  832 bytes for ./Base.lproj/Main.storyboardc/UIViewController-BYZ-38-t0r.nib
2019-03-29 11:18:50 +0000  copying file ./Base.lproj/Main.storyboardc/BYZ-38-t0r-view-8bC-Xf-vdC.nib ... 
2019-03-29 11:18:50 +0000  1790 bytes for ./Base.lproj/Main.storyboardc/BYZ-38-t0r-view-8bC-Xf-vdC.nib
2019-03-29 11:18:50 +0000  copying file ./Base.lproj/Main.storyboardc/Info.plist ... 
2019-03-29 11:18:50 +0000  258 bytes for ./Base.lproj/Main.storyboardc/Info.plist
2019-03-29 11:18:50 +0000  copying file ./Base.lproj/LaunchScreen.storyboardc/01J-lp-oVM-view-Ze5-6b-2t3.nib ... 
2019-03-29 11:18:50 +0000  3499 bytes for ./Base.lproj/LaunchScreen.storyboardc/01J-lp-oVM-view-Ze5-6b-2t3.nib
2019-03-29 11:18:50 +0000  copying file ./Base.lproj/LaunchScreen.storyboardc/UIViewController-01J-lp-oVM.nib ... 
2019-03-29 11:18:50 +0000  832 bytes for ./Base.lproj/LaunchScreen.storyboardc/UIViewController-01J-lp-oVM.nib
2019-03-29 11:18:50 +0000  copying file ./Base.lproj/LaunchScreen.storyboardc/Info.plist ... 
2019-03-29 11:18:50 +0000  258 bytes for ./Base.lproj/LaunchScreen.storyboardc/Info.plist
2019-03-29 11:18:50 +0000  copying file ./ic_handup_normal.png ... 
2019-03-29 11:18:50 +0000  5939 bytes for ./ic_handup_normal.png
2019-03-29 11:18:50 +0000  copying file ./noti1.png ... 
2019-03-29 11:18:50 +0000  14986 bytes for ./noti1.png
2019-03-29 11:18:50 +0000  copying file ./edit2.png ... 
2019-03-29 11:18:50 +0000  949 bytes for ./edit2.png
2019-03-29 11:18:50 +0000  copying file ./ic_key.png ... 
2019-03-29 11:18:50 +0000  3435 bytes for ./ic_key.png
2019-03-29 11:18:50 +0000  copying file ./ic_share_pressed.png ... 
2019-03-29 11:18:50 +0000  1349 bytes for ./ic_share_pressed.png
2019-03-29 11:18:50 +0000  copying file ./line@2x.png ... 
2019-03-29 11:18:50 +0000  12060 bytes for ./line@2x.png
2019-03-29 11:18:50 +0000  copying file ./ic_mine_normal@3x.png ... 
2019-03-29 11:18:50 +0000  6994 bytes for ./ic_mine_normal@3x.png
2019-03-29 11:18:50 +0000  copying file ./ic_clear.png ... 
2019-03-29 11:18:50 +0000  457 bytes for ./ic_clear.png
2019-03-29 11:18:50 +0000  copying file ./ic_wechat_default.png ... 
2019-03-29 11:18:50 +0000  4768 bytes for ./ic_wechat_default.png
2019-03-29 11:18:50 +0000  copying file ./ic_mute.png ... 
2019-03-29 11:18:50 +0000  6101 bytes for ./ic_mute.png
2019-03-29 11:18:50 +0000  copying file ./tab_qworld_nor@3x.png ... 
2019-03-29 11:18:50 +0000  2898 bytes for ./tab_qworld_nor@3x.png
2019-03-29 11:18:50 +0000  copying file ./ios_timeZones.plist ... 
2019-03-29 11:18:50 +0000  15047 bytes for ./ios_timeZones.plist
2019-03-29 11:18:50 +0000  copying file ./转接1.png ... 
2019-03-29 11:18:50 +0000  8475 bytes for ./转接1.png
2019-03-29 11:18:50 +0000  copying file ./b5xx.png ... 
2019-03-29 11:18:50 +0000  4213 bytes for ./b5xx.png
2019-03-29 11:18:50 +0000  copying file ./PlayRecVideoViewController.nib ... 
2019-03-29 11:18:50 +0000  4439 bytes for ./PlayRecVideoViewController.nib
2019-03-29 11:18:50 +0000  copying file ./right_menu_QR@3x.png ... 
2019-03-29 11:18:50 +0000  704 bytes for ./right_menu_QR@3x.png
2019-03-29 11:18:50 +0000  copying file ./ic_back_normal.png ... 
2019-03-29 11:18:50 +0000  495 bytes for ./ic_back_normal.png
2019-03-29 11:18:50 +0000  copying file ./ic_handup_press.png ... 
2019-03-29 11:18:50 +0000  3765 bytes for ./ic_handup_press.png
copying file ./eventListPlaceholder1.png ... 
2019-03-29 11:18:50 +0000  4159 bytes for ./eventListPlaceholder1.png
2019-03-29 11:18:50 +0000  copying file ./login_user_hightlighted.png ... 
2019-03-29 11:18:50 +0000  978 bytes for ./login_user_hightlighted.png
2019-03-29 11:18:50 +0000  copying file ./di.mp3 ... 
2019-03-29 11:18:50 +0000  2208 bytes for ./di.mp3
copying file ./Assets.car ... 
2019-03-29 11:18:50 +0000  717752 bytes for ./Assets.car
2019-03-29 11:18:50 +0000  copying file ./转接2.png ... 
2019-03-29 11:18:50 +0000  5282 bytes for ./转接2.png
2019-03-29 11:18:50 +0000  copying file ./qvip_pay_logo_addcard@2x.png ... 
2019-03-29 11:18:50 +0000  198 bytes for ./qvip_pay_logo_addcard@2x.png
2019-03-29 11:18:50 +0000  copying file ./bar2.png ... 
2019-03-29 11:18:50 +0000  1242 bytes for ./bar2.png
2019-03-29 11:18:50 +0000  copying file ./ic_share_normal.png ... 
2019-03-29 11:18:50 +0000  1908 bytes for ./ic_share_normal.png
2019-03-29 11:18:50 +0000  copying file ./img_title_background_gaoshi.png ... 
2019-03-29 11:18:50 +0000  438944 bytes for ./img_title_background_gaoshi.png
2019-03-29 11:18:50 +0000  copying file ./QUIArrow@2x.png ... 
2019-03-29 11:18:50 +0000  250 bytes for ./QUIArrow@2x.png
2019-03-29 11:18:50 +0000  copying file ./AppIcon76x76@2x~ipad.png ... 
2019-03-29 11:18:50 +0000  10966 bytes for ./AppIcon76x76@2x~ipad.png
2019-03-29 11:18:50 +0000  copying file ./btn_largeimagelayer_weixin@2x.png ... 
2019-03-29 11:18:50 +0000  2327 bytes for ./btn_largeimagelayer_weixin@2x.png
2019-03-29 11:18:50 +0000  copying file ./LPDoorBell ... 
2019-03-29 11:18:50 +0000  15181312 bytes for ./LPDoorBell
copying file ./bar_normal.png ... 
2019-03-29 11:18:50 +0000  2097 bytes for ./bar_normal.png
2019-03-29 11:18:50 +0000  copying file ./qvip_pay_logo_add@2x.png ... 
2019-03-29 11:18:50 +0000  114 bytes for ./qvip_pay_logo_add@2x.png
copying file ./ic_arrow_back_black.png ... 
2019-03-29 11:18:50 +0000  3240 bytes for ./ic_arrow_back_black.png
2019-03-29 11:18:50 +0000  copying file ./LocalVideoCollectionViewCell.nib ... 
2019-03-29 11:18:50 +0000  5055 bytes for ./LocalVideoCollectionViewCell.nib
2019-03-29 11:18:50 +0000  copying file ./ic_arrow_right_white.png ... 
2019-03-29 11:18:50 +0000  443 bytes for ./ic_arrow_right_white.png
2019-03-29 11:18:50 +0000  copying file ./ic_friend.png ... 
2019-03-29 11:18:50 +0000  2113 bytes for ./ic_friend.png
2019-03-29 11:18:50 +0000  copying file ./Twitter.png ... 
2019-03-29 11:18:50 +0000  6701 bytes for ./Twitter.png
2019-03-29 11:18:50 +0000  copying file ./icon_res_download_collect.png ... 
2019-03-29 11:18:50 +0000  11161 bytes for ./icon_res_download_collect.png
2019-03-29 11:18:50 +0000  copying file ./icon48_wx_button.png ... 
2019-03-29 11:18:50 +0000  3342 bytes for ./icon48_wx_button.png
2019-03-29 11:18:50 +0000  copying file ./bg_ringing.png ... 
2019-03-29 11:18:50 +0000  120586 bytes for ./bg_ringing.png
2019-03-29 11:18:50 +0000  copying file ./QQ.png ... 
2019-03-29 11:18:50 +0000  16566 bytes for ./QQ.png
2019-03-29 11:18:50 +0000  copying file ./ic_play_normal.png ... 
2019-03-29 11:18:50 +0000  36810 bytes for ./ic_play_normal.png
2019-03-29 11:18:50 +0000  copying file ./ic_left_normal.png ... 
2019-03-29 11:18:50 +0000  678 bytes for ./ic_left_normal.png
2019-03-29 11:18:50 +0000  copying file ./bg_edit_1.png ... 
2019-03-29 11:18:50 +0000  2076 bytes for ./bg_edit_1.png
2019-03-29 11:18:50 +0000  copying file ./ic_mine_checked@3x.png ... 
2019-03-29 11:18:50 +0000  5745 bytes for ./ic_mine_checked@3x.png
copying file ./ic_play.png ... 
2019-03-29 11:18:50 +0000  1165 bytes for ./ic_play.png
2019-03-29 11:18:50 +0000  copying file ./ic_checked.png ... 
2019-03-29 11:18:50 +0000  1045 bytes for ./ic_checked.png
2019-03-29 11:18:50 +0000  copying file ./LockPlaceholder.png ... 
2019-03-29 11:18:50 +0000  5116 bytes for ./LockPlaceholder.png
2019-03-29 11:18:50 +0000  copying file ./ic_head_normal.png ... 
2019-03-29 11:18:50 +0000  3824 bytes for ./ic_head_normal.png
2019-03-29 11:18:50 +0000  copying file ./README.txt ... 
2019-03-29 11:18:50 +0000  2038 bytes for ./README.txt
2019-03-29 11:18:50 +0000  copying file ./ic_call_decline_activated.png ... 
2019-03-29 11:18:50 +0000  1753 bytes for ./ic_call_decline_activated.png
copying file ./ic_logo.png ... 
2019-03-29 11:18:50 +0000  20333 bytes for ./ic_logo.png
2019-03-29 11:18:50 +0000  copying file ./ic_call_answer_activated.png ... 
2019-03-29 11:18:50 +0000  1327 bytes for ./ic_call_answer_activated.png
copying file ./icon32_wx_button.png ... 
2019-03-29 11:18:50 +0000  2275 bytes for ./icon32_wx_button.png
2019-03-29 11:18:50 +0000  copying file ./unlock_press.png ... 
2019-03-29 11:18:50 +0000  3728 bytes for ./unlock_press.png
2019-03-29 11:18:50 +0000  copying file ./lock_ic.png ... 
2019-03-29 11:18:50 +0000  2360 bytes for ./lock_ic.png
2019-03-29 11:18:50 +0000  copying file ./unlock.png ... 
2019-03-29 11:18:50 +0000  5438 bytes for ./unlock.png
2019-03-29 11:18:50 +0000  copying file ./bi.mp3 ... 
2019-03-29 11:18:50 +0000  2448 bytes for ./bi.mp3
2019-03-29 11:18:50 +0000  copying file ./ic_left_pressed.png ... 
2019-03-29 11:18:50 +0000  1003 bytes for ./ic_left_pressed.png
2019-03-29 11:18:50 +0000  copying file ./aio_image_fail@2x.png ... 
2019-03-29 11:18:50 +0000  352 bytes for ./aio_image_fail@2x.png
2019-03-29 11:18:50 +0000  copying file ./指纹.png ... 
2019-03-29 11:18:50 +0000  13913 bytes for ./指纹.png
2019-03-29 11:18:50 +0000  copying file ./bottleNightBkg@2x.jpg ... 
2019-03-29 11:18:50 +0000  13719 bytes for ./bottleNightBkg@2x.jpg
2019-03-29 11:18:50 +0000  copying file ./aio_image_default@2x.png ... 
2019-03-29 11:18:50 +0000  288 bytes for ./aio_image_default@2x.png
2019-03-29 11:18:50 +0000  copying file ./HDSecondBleConfigViewController.nib ... 
2019-03-29 11:18:50 +0000  3943 bytes for ./HDSecondBleConfigViewController.nib
2019-03-29 11:18:50 +0000  copying file ./img_record_setting.jpg ... 
2019-03-29 11:18:50 +0000  31039 bytes for ./img_record_setting.jpg
2019-03-29 11:18:50 +0000  copying file ./icon_res_download_moments.png ... 
2019-03-29 11:18:50 +0000  38348 bytes for ./icon_res_download_moments.png
2019-03-29 11:18:50 +0000  copying file ./keySelected_no.png ... 
2019-03-29 11:18:50 +0000  4363 bytes for ./keySelected_no.png
2019-03-29 11:18:50 +0000  copying file ./LINE.png ... 
2019-03-29 11:18:50 +0000  10643 bytes for ./LINE.png
2019-03-29 11:18:50 +0000  copying file ./ic_loading_gray.png ... 
2019-03-29 11:18:50 +0000  1223 bytes for ./ic_loading_gray.png
2019-03-29 11:18:50 +0000  copying file ./mute.png ... 
2019-03-29 11:18:50 +0000  6101 bytes for ./mute.png
2019-03-29 11:18:50 +0000  copying file ./login_user.png ... 
2019-03-29 11:18:50 +0000  479 bytes for ./login_user.png
2019-03-29 11:18:50 +0000  copying file ./chat_bottom_up_press@2x.png ... 
2019-03-29 11:18:50 +0000  611 bytes for ./chat_bottom_up_press@2x.png
copying file ./LocalViewHeadCollectionReusableView.nib ... 
2019-03-29 11:18:50 +0000  2408 bytes for ./LocalViewHeadCollectionReusableView.nib
copying file ./未分享的好友.png ... 
2019-03-29 11:18:50 +0000  2495 bytes for ./未分享的好友.png
2019-03-29 11:18:50 +0000  copying file ./embedded.mobileprovision ... 
2019-03-29 11:18:50 +0000  18139 bytes for ./embedded.mobileprovision
2019-03-29 11:18:50 +0000  copying file ./b4xx.png ... 
2019-03-29 11:18:50 +0000  4008 bytes for ./b4xx.png
2019-03-29 11:18:50 +0000  copying file ./ic_back_press.png ... 
2019-03-29 11:18:50 +0000  3113 bytes for ./ic_back_press.png
2019-03-29 11:18:50 +0000  copying file ./Wechat.png ... 
2019-03-29 11:18:50 +0000  10455 bytes for ./Wechat.png
2019-03-29 11:18:50 +0000  copying file ./Facebook.png ... 
2019-03-29 11:18:50 +0000  5955 bytes for ./Facebook.png
2019-03-29 11:18:50 +0000  copying file ./ring.caf ... 
2019-03-29 11:18:50 +0000  94400 bytes for ./ring.caf
2019-03-29 11:18:50 +0000  copying file ./chat_bottom_up_nor@2x.png ... 
2019-03-29 11:18:50 +0000  1587 bytes for ./chat_bottom_up_nor@2x.png
2019-03-29 11:18:50 +0000  copying file ./ConfigExplainView.nib ... 
2019-03-29 11:18:50 +0000  5233 bytes for ./ConfigExplainView.nib
2019-03-29 11:18:50 +0000  copying file ./ic_unlock_normal.png ... 
2019-03-29 11:18:50 +0000  5438 bytes for ./ic_unlock_normal.png
2019-03-29 11:18:50 +0000  copying file ./ic_play_pressed.png ... 
2019-03-29 11:18:50 +0000  27360 bytes for ./ic_play_pressed.png
2019-03-29 11:18:50 +0000  copying file ./ic_device_checked@3x.png ... 
2019-03-29 11:18:50 +0000  7489 bytes for ./ic_device_checked@3x.png
2019-03-29 11:18:50 +0000  copying file ./HDWifiListTableViewCell.nib ... 
2019-03-29 11:18:50 +0000  3684 bytes for ./HDWifiListTableViewCell.nib
2019-03-29 11:18:50 +0000  copying file ./input_mic_white.png ... 
2019-03-29 11:18:50 +0000  663 bytes for ./input_mic_white.png
2019-03-29 11:18:50 +0000  copying file ./keySelected.png ... 
2019-03-29 11:18:50 +0000  4490 bytes for ./keySelected.png
2019-03-29 11:18:50 +0000  copying file ./ic_add_gray.png ... 
2019-03-29 11:18:50 +0000  592 bytes for ./ic_add_gray.png
2019-03-29 11:18:50 +0000  copying file ./bar_click.png ... 
2019-03-29 11:18:50 +0000  2109 bytes for ./bar_click.png
2019-03-29 11:18:50 +0000  copying file ./ic_wx_login_default.png ... 
2019-03-29 11:18:50 +0000  3342 bytes for ./ic_wx_login_default.png
2019-03-29 11:18:50 +0000  copying file ./ic_right_pressed.png ... 
2019-03-29 11:18:50 +0000  996 bytes for ./ic_right_pressed.png
2019-03-29 11:18:50 +0000  copying file ./ic_wechat_pressed.png ... 
2019-03-29 11:18:50 +0000  3506 bytes for ./ic_wechat_pressed.png
2019-03-29 11:18:50 +0000  copying file ./Info.plist ... 
2019-03-29 11:18:50 +0000  2509 bytes for ./Info.plist
2019-03-29 11:18:50 +0000  copying file ./指纹1.png ... 
2019-03-29 11:18:50 +0000  15414 bytes for ./指纹1.png
2019-03-29 11:18:50 +0000  copying file ./ic_speak.png ... 
2019-03-29 11:18:50 +0000  3814 bytes for ./ic_speak.png
2019-03-29 11:18:50 +0000  copying file ./bat_ic.png ... 
2019-03-29 11:18:50 +0000  5857 bytes for ./bat_ic.png
2019-03-29 11:18:50 +0000  copying file ./ic_call_answer_normal.png ... 
2019-03-29 11:18:50 +0000  1408 bytes for ./ic_call_answer_normal.png
2019-03-29 11:18:50 +0000  copying file ./PkgInfo ... 
2019-03-29 11:18:50 +0000  8 bytes for ./PkgInfo
2019-03-29 11:18:50 +0000  copying file ./已分享的好友.png ... 
2019-03-29 11:18:50 +0000  2052 bytes for ./已分享的好友.png
2019-03-29 11:18:50 +0000  copying file ./ic_qrcode_scan_gray.png ... 
2019-03-29 11:18:50 +0000  187 bytes for ./ic_qrcode_scan_gray.png
2019-03-29 11:18:50 +0000  /usr/bin/ditto exited with 0
2019-03-29 11:18:50 +0000  Processing step: IDEDistributionEmbedProfileStep
2019-03-29 11:18:50 +0000  Processing step: IDEDistributionAppThinningPlistStep
2019-03-29 11:18:50 +0000  Skipping step: IDEDistributionAppThinningPlistStep because it said so
2019-03-29 11:18:50 +0000  Processing step: IDEDistributionCompileBitcodeStep
2019-03-29 11:18:50 +0000  Skipping step: IDEDistributionCompileBitcodeStep because it said so
2019-03-29 11:18:50 +0000  Processing step: IDEDistributionCodeSlimmingStep
2019-03-29 11:18:50 +0000  Processing step: IDEDistributionCopyBCSymbolMapsStep
2019-03-29 11:18:50 +0000  Skipping step: IDEDistributionCopyBCSymbolMapsStep because it said so
2019-03-29 11:18:50 +0000  Skipping step: IDEDistributionCopyBCSymbolMapsStep because it said so
2019-03-29 11:18:50 +0000  Skipping step: IDEDistributionCopyBCSymbolMapsStep because it said so
2019-03-29 11:18:50 +0000  Processing step: IDEDistributionSymbolsStep
2019-03-29 11:18:50 +0000  Skipping step: IDEDistributionSymbolsStep because it said so
2019-03-29 11:18:50 +0000  Skipping step: IDEDistributionSymbolsStep because it said so
2019-03-29 11:18:50 +0000  Skipping step: IDEDistributionSymbolsStep because it said so
2019-03-29 11:18:50 +0000  Processing step: IDEDistributionAppThinningStep
2019-03-29 11:18:50 +0000  Skipping step: IDEDistributionAppThinningStep because it said so
2019-03-29 11:18:50 +0000  Processing step: IDEDistributionArchThinningStep
2019-03-29 11:18:50 +0000  Running /Applications/Xcode.app/Contents/Developer/Toolchains/XcodeDefault.xctoolchain/usr/bin/lipo '/var/folders/w_/mg72s7pd7593w8100f6_gd7r0000gn/T/XcodeDistPipeline.5G2/Root/Payload/LPDoorBell.app/PlugIns/LSNotificationContentExtension.appex/LSNotificationContentExtension' '-verify_arch' 'arm64e'
2019-03-29 11:18:50 +0000  /Applications/Xcode.app/Contents/Developer/Toolchains/XcodeDefault.xctoolchain/usr/bin/lipo exited with 1
2019-03-29 11:18:50 +0000  Skipping architecture thinning for item "LSNotificationContentExtension" because arch "arm64e" wasn't found
2019-03-29 11:18:50 +0000  Running /Applications/Xcode.app/Contents/Developer/Toolchains/XcodeDefault.xctoolchain/usr/bin/lipo '/var/folders/w_/mg72s7pd7593w8100f6_gd7r0000gn/T/XcodeDistPipeline.5G2/Root/Payload/LPDoorBell.app/PlugIns/LSNotificationServiceExtension.appex/LSNotificationServiceExtension' '-verify_arch' 'arm64e'
2019-03-29 11:18:50 +0000  /Applications/Xcode.app/Contents/Developer/Toolchains/XcodeDefault.xctoolchain/usr/bin/lipo exited with 1
2019-03-29 11:18:50 +0000  Skipping architecture thinning for item "LSNotificationServiceExtension" because arch "arm64e" wasn't found
2019-03-29 11:18:50 +0000  Running /Applications/Xcode.app/Contents/Developer/Toolchains/XcodeDefault.xctoolchain/usr/bin/lipo '/var/folders/w_/mg72s7pd7593w8100f6_gd7r0000gn/T/XcodeDistPipeline.5G2/Root/Payload/LPDoorBell.app/LPDoorBell' '-verify_arch' 'arm64e'
2019-03-29 11:18:50 +0000  /Applications/Xcode.app/Contents/Developer/Toolchains/XcodeDefault.xctoolchain/usr/bin/lipo exited with 1
2019-03-29 11:18:50 +0000  Skipping architecture thinning for item "LPDoorBell" because arch "arm64e" wasn't found
2019-03-29 11:18:50 +0000  Processing step: IDEDistributionODRStep
2019-03-29 11:18:50 +0000  Processing step: IDEDistributionStripXattrsStep
2019-03-29 11:18:50 +0000  Skipping stripping extended attributes of item: <IDEDistributionItem: 0x7fc4e0ceab30 'com.lancens.wxdoorbell.LSNotificationContentExtension' '<DVTFilePath:0x7fc4c1e39510:'/Users/lancens/Library/Developer/Xcode/Archives/2019-03-29/LPDoorBell 2019-3-29, 7.02 PM.xcarchive/Products/Applications/LPDoorBell.app/PlugIns/LSNotificationContentExtension.appex'>'>
2019-03-29 11:18:50 +0000  Skipping stripping extended attributes of item: <IDEDistributionItem: 0x7fc4f87abd00 'com.lancens.wxdoorbell.LSNotificationServiceExtension' '<DVTFilePath:0x7fc4e36261f0:'/Users/lancens/Library/Developer/Xcode/Archives/2019-03-29/LPDoorBell 2019-3-29, 7.02 PM.xcarchive/Products/Applications/LPDoorBell.app/PlugIns/LSNotificationServiceExtension.appex'>'>
2019-03-29 11:18:50 +0000  Running /usr/bin/xattr '-crs' '/var/folders/w_/mg72s7pd7593w8100f6_gd7r0000gn/T/XcodeDistPipeline.5G2/Root/Payload/LPDoorBell.app'
2019-03-29 11:18:50 +0000  /usr/bin/xattr exited with 0
2019-03-29 11:18:50 +0000  Processing step: IDEDistributionCodesignStep
2019-03-29 11:18:50 +0000  Entitlements for <IDEDistributionItem: 0x7fc4e0ceab30 'com.lancens.wxdoorbell.LSNotificationContentExtension' '<DVTFilePath:0x7fc4c1e39510:'/Users/lancens/Library/Developer/Xcode/Archives/2019-03-29/LPDoorBell 2019-3-29, 7.02 PM.xcarchive/Products/Applications/LPDoorBell.app/PlugIns/LSNotificationContentExtension.appex'>'>: {
    "application-identifier" = "H8R8QP4VC6.com.lancens.wxdoorbell.LSNotificationContentExtension";
    "aps-environment" = production;
    "com.apple.developer.team-identifier" = H8R8QP4VC6;
    "get-task-allow" = 0;
}
2019-03-29 11:18:50 +0000  Writing entitlements for <IDEDistributionItem: 0x7fc4e0ceab30 'com.lancens.wxdoorbell.LSNotificationContentExtension' '<DVTFilePath:0x7fc4c1e39510:'/Users/lancens/Library/Developer/Xcode/Archives/2019-03-29/LPDoorBell 2019-3-29, 7.02 PM.xcarchive/Products/Applications/LPDoorBell.app/PlugIns/LSNotificationContentExtension.appex'>'> to: /var/folders/w_/mg72s7pd7593w8100f6_gd7r0000gn/T/XcodeDistPipeline.5G2/entitlementsTMQS6j
2019-03-29 11:18:50 +0000  Running /usr/bin/codesign '-vvv' '--force' '--sign' '762588D30A155E3939A02E127BB1F4F7C3CAEA3B' '--entitlements' '/var/folders/w_/mg72s7pd7593w8100f6_gd7r0000gn/T/XcodeDistPipeline.5G2/entitlementsTMQS6j' '--preserve-metadata=identifier,flags,runtime' '/var/folders/w_/mg72s7pd7593w8100f6_gd7r0000gn/T/XcodeDistPipeline.5G2/Root/Payload/LPDoorBell.app/PlugIns/LSNotificationContentExtension.appex'
2019-03-29 11:18:51 +0000  /var/folders/w_/mg72s7pd7593w8100f6_gd7r0000gn/T/XcodeDistPipeline.5G2/Root/Payload/LPDoorBell.app/PlugIns/LSNotificationContentExtension.appex: replacing existing signature
2019-03-29 11:18:51 +0000  /var/folders/w_/mg72s7pd7593w8100f6_gd7r0000gn/T/XcodeDistPipeline.5G2/Root/Payload/LPDoorBell.app/PlugIns/LSNotificationContentExtension.appex: signed bundle with Mach-O universal (armv7 arm64) [com.lancens.wxdoorbell.LSNotificationContentExtension]
2019-03-29 11:18:51 +0000  /usr/bin/codesign exited with 0
2019-03-29 11:18:51 +0000  Entitlements for <IDEDistributionItem: 0x7fc4f87abd00 'com.lancens.wxdoorbell.LSNotificationServiceExtension' '<DVTFilePath:0x7fc4e36261f0:'/Users/lancens/Library/Developer/Xcode/Archives/2019-03-29/LPDoorBell 2019-3-29, 7.02 PM.xcarchive/Products/Applications/LPDoorBell.app/PlugIns/LSNotificationServiceExtension.appex'>'>: {
    "application-identifier" = "H8R8QP4VC6.com.lancens.wxdoorbell.LSNotificationServiceExtension";
    "aps-environment" = production;
    "com.apple.developer.team-identifier" = H8R8QP4VC6;
    "get-task-allow" = 0;
}
2019-03-29 11:18:51 +0000  Writing entitlements for <IDEDistributionItem: 0x7fc4f87abd00 'com.lancens.wxdoorbell.LSNotificationServiceExtension' '<DVTFilePath:0x7fc4e36261f0:'/Users/lancens/Library/Developer/Xcode/Archives/2019-03-29/LPDoorBell 2019-3-29, 7.02 PM.xcarchive/Products/Applications/LPDoorBell.app/PlugIns/LSNotificationServiceExtension.appex'>'> to: /var/folders/w_/mg72s7pd7593w8100f6_gd7r0000gn/T/XcodeDistPipeline.5G2/entitlementsLPw7Ef
2019-03-29 11:18:51 +0000  Running /usr/bin/codesign '-vvv' '--force' '--sign' '762588D30A155E3939A02E127BB1F4F7C3CAEA3B' '--entitlements' '/var/folders/w_/mg72s7pd7593w8100f6_gd7r0000gn/T/XcodeDistPipeline.5G2/entitlementsLPw7Ef' '--preserve-metadata=identifier,flags,runtime' '/var/folders/w_/mg72s7pd7593w8100f6_gd7r0000gn/T/XcodeDistPipeline.5G2/Root/Payload/LPDoorBell.app/PlugIns/LSNotificationServiceExtension.appex'
2019-03-29 11:18:51 +0000  /var/folders/w_/mg72s7pd7593w8100f6_gd7r0000gn/T/XcodeDistPipeline.5G2/Root/Payload/LPDoorBell.app/PlugIns/LSNotificationServiceExtension.appex: replacing existing signature
2019-03-29 11:18:51 +0000  /var/folders/w_/mg72s7pd7593w8100f6_gd7r0000gn/T/XcodeDistPipeline.5G2/Root/Payload/LPDoorBell.app/PlugIns/LSNotificationServiceExtension.appex: signed bundle with Mach-O universal (armv7 arm64) [com.lancens.wxdoorbell.LSNotificationServiceExtension]
2019-03-29 11:18:51 +0000  /usr/bin/codesign exited with 0
2019-03-29 11:18:51 +0000  Entitlements for <IDEDistributionItem: 0x7fc4ae0025f0 'com.lancens.wxdoorbell' '<DVTFilePath:0x7fc4e361a190:'/Users/lancens/Library/Developer/Xcode/Archives/2019-03-29/LPDoorBell 2019-3-29, 7.02 PM.xcarchive/Products/Applications/LPDoorBell.app'>'>: {
    "application-identifier" = "H8R8QP4VC6.com.lancens.wxdoorbell";
    "aps-environment" = production;
    "com.apple.developer.networking.wifi-info" = 1;
    "com.apple.developer.team-identifier" = H8R8QP4VC6;
    "get-task-allow" = 0;
}
2019-03-29 11:18:51 +0000  Writing entitlements for <IDEDistributionItem: 0x7fc4ae0025f0 'com.lancens.wxdoorbell' '<DVTFilePath:0x7fc4e361a190:'/Users/lancens/Library/Developer/Xcode/Archives/2019-03-29/LPDoorBell 2019-3-29, 7.02 PM.xcarchive/Products/Applications/LPDoorBell.app'>'> to: /var/folders/w_/mg72s7pd7593w8100f6_gd7r0000gn/T/XcodeDistPipeline.5G2/entitlementsrOc1yJ
2019-03-29 11:18:51 +0000  Running /usr/bin/codesign '-vvv' '--force' '--sign' '762588D30A155E3939A02E127BB1F4F7C3CAEA3B' '--entitlements' '/var/folders/w_/mg72s7pd7593w8100f6_gd7r0000gn/T/XcodeDistPipeline.5G2/entitlementsrOc1yJ' '--preserve-metadata=identifier,flags,runtime' '/var/folders/w_/mg72s7pd7593w8100f6_gd7r0000gn/T/XcodeDistPipeline.5G2/Root/Payload/LPDoorBell.app'
2019-03-29 11:18:51 +0000  /var/folders/w_/mg72s7pd7593w8100f6_gd7r0000gn/T/XcodeDistPipeline.5G2/Root/Payload/LPDoorBell.app: replacing existing signature
2019-03-29 11:18:51 +0000  /var/folders/w_/mg72s7pd7593w8100f6_gd7r0000gn/T/XcodeDistPipeline.5G2/Root/Payload/LPDoorBell.app: signed app bundle with Mach-O thin (arm64) [com.lancens.wxdoorbell]
2019-03-29 11:18:51 +0000  /usr/bin/codesign exited with 0
2019-03-29 11:18:51 +0000  Processing step: IDEDistributionZipODRItemStep
2019-03-29 11:18:51 +0000  Skipping step: IDEDistributionZipODRItemStep because it said so
2019-03-29 11:18:51 +0000  Skipping step: IDEDistributionZipODRItemStep because it said so
2019-03-29 11:18:51 +0000  Skipping step: IDEDistributionZipODRItemStep because it said so
2019-03-29 11:18:51 +0000  Processing step: IDEDistributionCreateIPAStep
2019-03-29 11:18:51 +0000  Running /usr/bin/ditto '-V' '-c' '-k' '--norsrc' '/var/folders/w_/mg72s7pd7593w8100f6_gd7r0000gn/T/XcodeDistPipeline.5G2/Root' '/var/folders/w_/mg72s7pd7593w8100f6_gd7r0000gn/T/XcodeDistPipeline.5G2/Packages/LPDoorBell.ipa'
2019-03-29 11:18:51 +0000  >>> Copying /var/folders/w_/mg72s7pd7593w8100f6_gd7r0000gn/T/XcodeDistPipeline.5G2/Root 
2019-03-29 11:18:51 +0000  copying file ./Payload/LPDoorBell.app/_CodeSignature/CodeResources ... 
2019-03-29 11:18:51 +0000  51755 bytes for ./Payload/LPDoorBell.app/_CodeSignature/CodeResources
2019-03-29 11:18:51 +0000  copying file ./Payload/LPDoorBell.app/ic_unlock_press.png ... 
2019-03-29 11:18:51 +0000  3728 bytes for ./Payload/LPDoorBell.app/ic_unlock_press.png
2019-03-29 11:18:51 +0000  copying file ./Payload/LPDoorBell.app/AV_audioaccept_normal@2x.png ... 
2019-03-29 11:18:51 +0000  1119 bytes for ./Payload/LPDoorBell.app/AV_audioaccept_normal@2x.png
2019-03-29 11:18:51 +0000  copying file ./Payload/LPDoorBell.app/ic_wechat.png ... 
2019-03-29 11:18:51 +0000  10292 bytes for ./Payload/LPDoorBell.app/ic_wechat.png
2019-03-29 11:18:51 +0000  copying file ./Payload/LPDoorBell.app/add.png ... 
2019-03-29 11:18:51 +0000  1399 bytes for ./Payload/LPDoorBell.app/add.png
2019-03-29 11:18:51 +0000  copying file ./Payload/LPDoorBell.app/fav_fileicon_recording90@3x.png ... 
2019-03-29 11:18:51 +0000  1780 bytes for ./Payload/LPDoorBell.app/fav_fileicon_recording90@3x.png
copying file ./Payload/LPDoorBell.app/Hangup.png ... 
2019-03-29 11:18:51 +0000  3715 bytes for ./Payload/LPDoorBell.app/Hangup.png
2019-03-29 11:18:51 +0000  copying file ./Payload/LPDoorBell.app/zh-Hans.lproj/Localizable.strings ... 
2019-03-29 11:18:51 +0000  23413 bytes for ./Payload/LPDoorBell.app/zh-Hans.lproj/Localizable.strings
2019-03-29 11:18:51 +0000  copying file ./Payload/LPDoorBell.app/zh-Hans.lproj/InfoPlist.strings ... 
390 bytes for ./Payload/LPDoorBell.app/zh-Hans.lproj/InfoPlist.strings
2019-03-29 11:18:51 +0000  copying file ./Payload/LPDoorBell.app/ic_right_normal.png ... 
2019-03-29 11:18:51 +0000  673 bytes for ./Payload/LPDoorBell.app/ic_right_normal.png
copying file ./Payload/LPDoorBell.app/未确认好友.png ... 
2019-03-29 11:18:51 +0000  7660 bytes for ./Payload/LPDoorBell.app/未确认好友.png
2019-03-29 11:18:51 +0000  copying file ./Payload/LPDoorBell.app/login_key_hightlighted.png ... 
493 bytes for ./Payload/LPDoorBell.app/login_key_hightlighted.png
2019-03-29 11:18:51 +0000  copying file ./Payload/LPDoorBell.app/IconVoiceRed@2x.png ... 
2019-03-29 11:18:51 +0000  2221 bytes for ./Payload/LPDoorBell.app/IconVoiceRed@2x.png
2019-03-29 11:18:51 +0000  copying file ./Payload/LPDoorBell.app/event.png ... 
2019-03-29 11:18:51 +0000  2715 bytes for ./Payload/LPDoorBell.app/event.png
copying file ./Payload/LPDoorBell.app/tab_buddy_press@3x.png ... 
2019-03-29 11:18:51 +0000  1575 bytes for ./Payload/LPDoorBell.app/tab_buddy_press@3x.png
2019-03-29 11:18:51 +0000  copying file ./Payload/LPDoorBell.app/QUIIconArrow@2x.png ... 
250 bytes for ./Payload/LPDoorBell.app/QUIIconArrow@2x.png
2019-03-29 11:18:51 +0000  copying file ./Payload/LPDoorBell.app/Battery.png ... 
2019-03-29 11:18:51 +0000  4086 bytes for ./Payload/LPDoorBell.app/Battery.png
2019-03-29 11:18:51 +0000  copying file ./Payload/LPDoorBell.app/en.lproj/Localizable.strings ... 
2019-03-29 11:18:51 +0000  26881 bytes for ./Payload/LPDoorBell.app/en.lproj/Localizable.strings
2019-03-29 11:18:51 +0000  copying file ./Payload/LPDoorBell.app/en.lproj/InfoPlist.strings ... 
509 bytes for ./Payload/LPDoorBell.app/en.lproj/InfoPlist.strings
2019-03-29 11:18:51 +0000  copying file ./Payload/LPDoorBell.app/timezones_en.xml ... 
2019-03-29 11:18:51 +0000  5043 bytes for ./Payload/LPDoorBell.app/timezones_en.xml
2019-03-29 11:18:51 +0000  copying file ./Payload/LPDoorBell.app/ic_about.png ... 
2019-03-29 11:18:51 +0000  1451 bytes for ./Payload/LPDoorBell.app/ic_about.png
copying file ./Payload/LPDoorBell.app/bottleBkg@2x.jpg ... 
2019-03-29 11:18:51 +0000  55375 bytes for ./Payload/LPDoorBell.app/bottleBkg@2x.jpg
2019-03-29 11:18:51 +0000  copying file ./Payload/LPDoorBell.app/nav_icon_r_more@2x.png ... 
243 bytes for ./Payload/LPDoorBell.app/nav_icon_r_more@2x.png
2019-03-29 11:18:51 +0000  copying file ./Payload/LPDoorBell.app/b4xx 2.png ... 
2019-03-29 11:18:51 +0000  6803 bytes for ./Payload/LPDoorBell.app/b4xx 2.png
2019-03-29 11:18:51 +0000  copying file ./Payload/LPDoorBell.app/接受好友添加.png ... 
2019-03-29 11:18:51 +0000  1808 bytes for ./Payload/LPDoorBell.app/接受好友添加.png
copying file ./Payload/LPDoorBell.app/ic_add_black.png ... 
2019-03-29 11:18:51 +0000  482 bytes for ./Payload/LPDoorBell.app/ic_add_black.png
copying file ./Payload/LPDoorBell.app/shoot.mp3 ... 
2019-03-29 11:18:51 +0000  8088 bytes for ./Payload/LPDoorBell.app/shoot.mp3
2019-03-29 11:18:51 +0000  copying file ./Payload/LPDoorBell.app/册除好友.png ... 
2019-03-29 11:18:51 +0000  1634 bytes for ./Payload/LPDoorBell.app/册除好友.png
copying file ./Payload/LPDoorBell.app/ic_qrcode_scan_white.png ... 
2019-03-29 11:18:51 +0000  187 bytes for ./Payload/LPDoorBell.app/ic_qrcode_scan_white.png
copying file ./Payload/LPDoorBell.app/ic_arrow_right_black.png ... 
2019-03-29 11:18:51 +0000  307 bytes for ./Payload/LPDoorBell.app/ic_arrow_right_black.png
copying file ./Payload/LPDoorBell.app/img_title_background.jpg ... 
2019-03-29 11:18:51 +0000  44866 bytes for ./Payload/LPDoorBell.app/img_title_background.jpg
2019-03-29 11:18:51 +0000  copying file ./Payload/LPDoorBell.app/user_selected.png ... 
2019-03-29 11:18:51 +0000  4886 bytes for ./Payload/LPDoorBell.app/user_selected.png
2019-03-29 11:18:51 +0000  copying file ./Payload/LPDoorBell.app/LocalVideoManagerViewController.nib ... 
2019-03-29 11:18:51 +0000  974 bytes for ./Payload/LPDoorBell.app/LocalVideoManagerViewController.nib
copying file ./Payload/LPDoorBell.app/ic_call_decline_normal.png ... 
2019-03-29 11:18:51 +0000  1284 bytes for ./Payload/LPDoorBell.app/ic_call_decline_normal.png
copying file ./Payload/LPDoorBell.app/IconVoiceRed@3x.png ... 
2019-03-29 11:18:51 +0000  2888 bytes for ./Payload/LPDoorBell.app/IconVoiceRed@3x.png
2019-03-29 11:18:51 +0000  copying file ./Payload/LPDoorBell.app/icon24_wx_button.png ... 
2019-03-29 11:18:51 +0000  1523 bytes for ./Payload/LPDoorBell.app/icon24_wx_button.png
copying file ./Payload/LPDoorBell.app/tab_qworld_press@3x.png ... 
2019-03-29 11:18:51 +0000  1262 bytes for ./Payload/LPDoorBell.app/tab_qworld_press@3x.png
copying file ./Payload/LPDoorBell.app/b4xx 1.png ... 
2019-03-29 11:18:51 +0000  7029 bytes for ./Payload/LPDoorBell.app/b4xx 1.png
2019-03-29 11:18:51 +0000  copying file ./Payload/LPDoorBell.app/ic_unlock_pressed.png ... 
2019-03-29 11:18:51 +0000  2822 bytes for ./Payload/LPDoorBell.app/ic_unlock_pressed.png
copying file ./Payload/LPDoorBell.app/ic_loading.png ... 
2019-03-29 11:18:51 +0000  1083 bytes for ./Payload/LPDoorBell.app/ic_loading.png
copying file ./Payload/LPDoorBell.app/speak.png ... 
2019-03-29 11:18:51 +0000  3814 bytes for ./Payload/LPDoorBell.app/speak.png
2019-03-29 11:18:51 +0000  copying file ./Payload/LPDoorBell.app/fav_fileicon_recording90@2x.png ... 
2019-03-29 11:18:51 +0000  946 bytes for ./Payload/LPDoorBell.app/fav_fileicon_recording90@2x.png
copying file ./Payload/LPDoorBell.app/login_key.png ... 
2019-03-29 11:18:51 +0000  270 bytes for ./Payload/LPDoorBell.app/login_key.png
copying file ./Payload/LPDoorBell.app/tab_buddy_nor@3x.png ... 
2019-03-29 11:18:51 +0000  2511 bytes for ./Payload/LPDoorBell.app/tab_buddy_nor@3x.png
copying file ./Payload/LPDoorBell.app/群组.png ... 
2019-03-29 11:18:51 +0000  4789 bytes for ./Payload/LPDoorBell.app/群组.png
2019-03-29 11:18:51 +0000  copying file ./Payload/LPDoorBell.app/MJRefresh.bundle/zh-Hans.lproj/Localizable.strings ... 
2019-03-29 11:18:51 +0000  1194 bytes for ./Payload/LPDoorBell.app/MJRefresh.bundle/zh-Hans.lproj/Localizable.strings
2019-03-29 11:18:51 +0000  copying file ./Payload/LPDoorBell.app/MJRefresh.bundle/en.lproj/Localizable.strings ... 
2019-03-29 11:18:51 +0000  1372 bytes for ./Payload/LPDoorBell.app/MJRefresh.bundle/en.lproj/Localizable.strings
2019-03-29 11:18:51 +0000  copying file ./Payload/LPDoorBell.app/MJRefresh.bundle/arrow@2x.png ... 
2019-03-29 11:18:51 +0000  1033 bytes for ./Payload/LPDoorBell.app/MJRefresh.bundle/arrow@2x.png
copying file ./Payload/LPDoorBell.app/MJRefresh.bundle/zh-Hant.lproj/Localizable.strings ... 
2019-03-29 11:18:51 +0000  773 bytes for ./Payload/LPDoorBell.app/MJRefresh.bundle/zh-Hant.lproj/Localizable.strings
copying file ./Payload/LPDoorBell.app/ic_thumb.png ... 
2019-03-29 11:18:51 +0000  522 bytes for ./Payload/LPDoorBell.app/ic_thumb.png
2019-03-29 11:18:51 +0000  copying file ./Payload/LPDoorBell.app/ic_answer_move.png ... 
2019-03-29 11:18:51 +0000  3267 bytes for ./Payload/LPDoorBell.app/ic_answer_move.png
copying file ./Payload/LPDoorBell.app/ic_wifi_signal_strong.png ... 
2019-03-29 11:18:51 +0000  1137 bytes for ./Payload/LPDoorBell.app/ic_wifi_signal_strong.png
2019-03-29 11:18:51 +0000  copying file ./Payload/LPDoorBell.app/PlugIns/LSNotificationServiceExtension.appex/_CodeSignature/CodeResources ... 
2019-03-29 11:18:51 +0000  2670 bytes for ./Payload/LPDoorBell.app/PlugIns/LSNotificationServiceExtension.appex/_CodeSignature/CodeResources
2019-03-29 11:18:51 +0000  copying file ./Payload/LPDoorBell.app/PlugIns/LSNotificationServiceExtension.appex/LSNotificationServiceExtension ... 
2019-03-29 11:18:51 +0000  170736 bytes for ./Payload/LPDoorBell.app/PlugIns/LSNotificationServiceExtension.appex/LSNotificationServiceExtension
2019-03-29 11:18:51 +0000  copying file ./Payload/LPDoorBell.app/PlugIns/LSNotificationServiceExtension.appex/lock_ic.png ... 
2019-03-29 11:18:51 +0000  2360 bytes for ./Payload/LPDoorBell.app/PlugIns/LSNotificationServiceExtension.appex/lock_ic.png
copying file ./Payload/LPDoorBell.app/PlugIns/LSNotificationServiceExtension.appex/embedded.mobileprovision ... 
2019-03-29 11:18:51 +0000  12335 bytes for ./Payload/LPDoorBell.app/PlugIns/LSNotificationServiceExtension.appex/embedded.mobileprovision
2019-03-29 11:18:51 +0000  copying file ./Payload/LPDoorBell.app/PlugIns/LSNotificationServiceExtension.appex/Info.plist ... 
2019-03-29 11:18:51 +0000  1008 bytes for ./Payload/LPDoorBell.app/PlugIns/LSNotificationServiceExtension.appex/Info.plist
copying file ./Payload/LPDoorBell.app/PlugIns/LSNotificationServiceExtension.appex/bat_ic.png ... 
2019-03-29 11:18:51 +0000  5857 bytes for ./Payload/LPDoorBell.app/PlugIns/LSNotificationServiceExtension.appex/bat_ic.png
2019-03-29 11:18:51 +0000  copying file ./Payload/LPDoorBell.app/PlugIns/LSNotificationContentExtension.appex/_CodeSignature/CodeResources ... 
2019-03-29 11:18:51 +0000  4156 bytes for ./Payload/LPDoorBell.app/PlugIns/LSNotificationContentExtension.appex/_CodeSignature/CodeResources
2019-03-29 11:18:51 +0000  copying file ./Payload/LPDoorBell.app/PlugIns/LSNotificationContentExtension.appex/Base.lproj/MainInterface.storyboardc/UIViewController-M4Y-Lb-cyx.nib/objects-11.0+.nib ... 
2019-03-29 11:18:51 +0000  1007 bytes for ./Payload/LPDoorBell.app/PlugIns/LSNotificationContentExtension.appex/Base.lproj/MainInterface.storyboardc/UIViewController-M4Y-Lb-cyx.nib/objects-11.0+.nib
2019-03-29 11:18:51 +0000  copying file ./Payload/LPDoorBell.app/PlugIns/LSNotificationContentExtension.appex/Base.lproj/MainInterface.storyboardc/UIViewController-M4Y-Lb-cyx.nib/runtime.nib ... 
2019-03-29 11:18:51 +0000  1007 bytes for ./Payload/LPDoorBell.app/PlugIns/LSNotificationContentExtension.appex/Base.lproj/MainInterface.storyboardc/UIViewController-M4Y-Lb-cyx.nib/runtime.nib
copying file ./Payload/LPDoorBell.app/PlugIns/LSNotificationContentExtension.appex/Base.lproj/MainInterface.storyboardc/M4Y-Lb-cyx-view-S3S-Oj-5AN.nib/objects-11.0+.nib ... 
2019-03-29 11:18:51 +0000  3245 bytes for ./Payload/LPDoorBell.app/PlugIns/LSNotificationContentExtension.appex/Base.lproj/MainInterface.storyboardc/M4Y-Lb-cyx-view-S3S-Oj-5AN.nib/objects-11.0+.nib
2019-03-29 11:18:51 +0000  copying file ./Payload/LPDoorBell.app/PlugIns/LSNotificationContentExtension.appex/Base.lproj/MainInterface.storyboardc/M4Y-Lb-cyx-view-S3S-Oj-5AN.nib/runtime.nib ... 
2019-03-29 11:18:51 +0000  3376 bytes for ./Payload/LPDoorBell.app/PlugIns/LSNotificationContentExtension.appex/Base.lproj/MainInterface.storyboardc/M4Y-Lb-cyx-view-S3S-Oj-5AN.nib/runtime.nib
2019-03-29 11:18:51 +0000  copying file ./Payload/LPDoorBell.app/PlugIns/LSNotificationContentExtension.appex/Base.lproj/MainInterface.storyboardc/Info.plist ... 
258 bytes for ./Payload/LPDoorBell.app/PlugIns/LSNotificationContentExtension.appex/Base.lproj/MainInterface.storyboardc/Info.plist
2019-03-29 11:18:51 +0000  copying file ./Payload/LPDoorBell.app/PlugIns/LSNotificationContentExtension.appex/LSNotificationContentExtension ... 
2019-03-29 11:18:51 +0000  168960 bytes for ./Payload/LPDoorBell.app/PlugIns/LSNotificationContentExtension.appex/LSNotificationContentExtension
2019-03-29 11:18:51 +0000  copying file ./Payload/LPDoorBell.app/PlugIns/LSNotificationContentExtension.appex/embedded.mobileprovision ... 
2019-03-29 11:18:51 +0000  12335 bytes for ./Payload/LPDoorBell.app/PlugIns/LSNotificationContentExtension.appex/embedded.mobileprovision
2019-03-29 11:18:51 +0000  copying file ./Payload/LPDoorBell.app/PlugIns/LSNotificationContentExtension.appex/Info.plist ... 
2019-03-29 11:18:51 +0000  1106 bytes for ./Payload/LPDoorBell.app/PlugIns/LSNotificationContentExtension.appex/Info.plist
2019-03-29 11:18:51 +0000  copying file ./Payload/LPDoorBell.app/ic_device_normal@3x.png ... 
2019-03-29 11:18:51 +0000  7444 bytes for ./Payload/LPDoorBell.app/ic_device_normal@3x.png
2019-03-29 11:18:51 +0000  copying file ./Payload/LPDoorBell.app/AppIcon60x60@2x.png ... 
2019-03-29 11:18:51 +0000  9278 bytes for ./Payload/LPDoorBell.app/AppIcon60x60@2x.png
copying file ./Payload/LPDoorBell.app/FTC.plist ... 
2019-03-29 11:18:51 +0000  255 bytes for ./Payload/LPDoorBell.app/FTC.plist
copying file ./Payload/LPDoorBell.app/ic_add.png ... 
2019-03-29 11:18:51 +0000  541 bytes for ./Payload/LPDoorBell.app/ic_add.png
2019-03-29 11:18:51 +0000  copying file ./Payload/LPDoorBell.app/ic_live_checked@3x.png ... 
2019-03-29 11:18:51 +0000  6075 bytes for ./Payload/LPDoorBell.app/ic_live_checked@3x.png
2019-03-29 11:18:51 +0000  copying file ./Payload/LPDoorBell.app/添加新好友.png ... 
2019-03-29 11:18:51 +0000  3881 bytes for ./Payload/LPDoorBell.app/添加新好友.png
2019-03-29 11:18:51 +0000  copying file ./Payload/LPDoorBell.app/Handup_press.png ... 
2019-03-29 11:18:51 +0000  3765 bytes for ./Payload/LPDoorBell.app/Handup_press.png
2019-03-29 11:18:51 +0000  copying file ./Payload/LPDoorBell.app/qvip_profile_card_simplified_plus@2x.png ... 
163 bytes for ./Payload/LPDoorBell.app/qvip_profile_card_simplified_plus@2x.png
2019-03-29 11:18:51 +0000  copying file ./Payload/LPDoorBell.app/user_selected_no.png ... 
2019-03-29 11:18:51 +0000  4882 bytes for ./Payload/LPDoorBell.app/user_selected_no.png
2019-03-29 11:18:51 +0000  copying file ./Payload/LPDoorBell.app/ic_unfinish.jpg ... 
2019-03-29 11:18:51 +0000  10259 bytes for ./Payload/LPDoorBell.app/ic_unfinish.jpg
2019-03-29 11:18:51 +0000  copying file ./Payload/LPDoorBell.app/ic_wifi.png ... 
2019-03-29 11:18:51 +0000  4092 bytes for ./Payload/LPDoorBell.app/ic_wifi.png
2019-03-29 11:18:51 +0000  copying file ./Payload/LPDoorBell.app/HDBleTableViewCell.nib ... 
2019-03-29 11:18:51 +0000  3635 bytes for ./Payload/LPDoorBell.app/HDBleTableViewCell.nib
2019-03-29 11:18:51 +0000  copying file ./Payload/LPDoorBell.app/ic_pause.png ... 
508 bytes for ./Payload/LPDoorBell.app/ic_pause.png
2019-03-29 11:18:51 +0000  copying file ./Payload/LPDoorBell.app/pick_bg.png ... 
2019-03-29 11:18:51 +0000  4021 bytes for ./Payload/LPDoorBell.app/pick_bg.png
2019-03-29 11:18:51 +0000  copying file ./Payload/LPDoorBell.app/ic_play_normal1.png ... 
2019-03-29 11:18:51 +0000  42358 bytes for ./Payload/LPDoorBell.app/ic_play_normal1.png
2019-03-29 11:18:51 +0000  copying file ./Payload/LPDoorBell.app/TimeZoneSettingViewController.nib ... 
2019-03-29 11:18:51 +0000  974 bytes for ./Payload/LPDoorBell.app/TimeZoneSettingViewController.nib
copying file ./Payload/LPDoorBell.app/noti3.png ... 
2019-03-29 11:18:51 +0000  14986 bytes for ./Payload/LPDoorBell.app/noti3.png
2019-03-29 11:18:51 +0000  copying file ./Payload/LPDoorBell.app/eventListPlaceholder.png ... 
2019-03-29 11:18:51 +0000  6905 bytes for ./Payload/LPDoorBell.app/eventListPlaceholder.png
copying file ./Payload/LPDoorBell.app/img_record_setting_background.png ... 
2019-03-29 11:18:51 +0000  19444 bytes for ./Payload/LPDoorBell.app/img_record_setting_background.png
2019-03-29 11:18:51 +0000  copying file ./Payload/LPDoorBell.app/AV_red_normal@2x.png ... 
2019-03-29 11:18:51 +0000  1344 bytes for ./Payload/LPDoorBell.app/AV_red_normal@2x.png
copying file ./Payload/LPDoorBell.app/QUIArrow_Gray@2x.png ... 
2019-03-29 11:18:51 +0000  275 bytes for ./Payload/LPDoorBell.app/QUIArrow_Gray@2x.png
copying file ./Payload/LPDoorBell.app/Battery_white.png ... 
2019-03-29 11:18:51 +0000  3620 bytes for ./Payload/LPDoorBell.app/Battery_white.png
2019-03-29 11:18:51 +0000  copying file ./Payload/LPDoorBell.app/HDThirdBleConfigViewController.nib ... 
2019-03-29 11:18:51 +0000  9801 bytes for ./Payload/LPDoorBell.app/HDThirdBleConfigViewController.nib
2019-03-29 11:18:51 +0000  copying file ./Payload/LPDoorBell.app/AV_red_pressed@2x.png ... 
2019-03-29 11:18:51 +0000  2122 bytes for ./Payload/LPDoorBell.app/AV_red_pressed@2x.png
copying file ./Payload/LPDoorBell.app/noti2.png ... 
2019-03-29 11:18:51 +0000  14985 bytes for ./Payload/LPDoorBell.app/noti2.png
2019-03-29 11:18:51 +0000  copying file ./Payload/LPDoorBell.app/bar2按下.png ... 
2019-03-29 11:18:51 +0000  1250 bytes for ./Payload/LPDoorBell.app/bar2按下.png
copying file ./Payload/LPDoorBell.app/edit1.png ... 
2019-03-29 11:18:51 +0000  957 bytes for ./Payload/LPDoorBell.app/edit1.png
copying file ./Payload/LPDoorBell.app/ic_live_normal@3x.png ... 
2019-03-29 11:18:51 +0000  7490 bytes for ./Payload/LPDoorBell.app/ic_live_normal@3x.png
2019-03-29 11:18:51 +0000  copying file ./Payload/LPDoorBell.app/已确认好友.png ... 
2019-03-29 11:18:51 +0000  6810 bytes for ./Payload/LPDoorBell.app/已确认好友.png
2019-03-29 11:18:51 +0000  copying file ./Payload/LPDoorBell.app/pick_bg@2x.png ... 
2019-03-29 11:18:51 +0000  4258 bytes for ./Payload/LPDoorBell.app/pick_bg@2x.png
2019-03-29 11:18:51 +0000  copying file ./Payload/LPDoorBell.app/ic_unchecked.png ... 
2019-03-29 11:18:51 +0000  925 bytes for ./Payload/LPDoorBell.app/ic_unchecked.png
copying file ./Payload/LPDoorBell.app/timezones_zh.xml ... 
2019-03-29 11:18:51 +0000  9575 bytes for ./Payload/LPDoorBell.app/timezones_zh.xml
2019-03-29 11:18:51 +0000  copying file ./Payload/LPDoorBell.app/ic_share.png ... 
2019-03-29 11:18:51 +0000  1676 bytes for ./Payload/LPDoorBell.app/ic_share.png
copying file ./Payload/LPDoorBell.app/Base.lproj/Localizable.strings ... 
2019-03-29 11:18:51 +0000  26864 bytes for ./Payload/LPDoorBell.app/Base.lproj/Localizable.strings
2019-03-29 11:18:51 +0000  copying file ./Payload/LPDoorBell.app/Base.lproj/InfoPlist.strings ... 
2019-03-29 11:18:51 +0000  509 bytes for ./Payload/LPDoorBell.app/Base.lproj/InfoPlist.strings
copying file ./Payload/LPDoorBell.app/Base.lproj/Main.storyboardc/UIViewController-BYZ-38-t0r.nib ... 
2019-03-29 11:18:51 +0000  832 bytes for ./Payload/LPDoorBell.app/Base.lproj/Main.storyboardc/UIViewController-BYZ-38-t0r.nib
copying file ./Payload/LPDoorBell.app/Base.lproj/Main.storyboardc/BYZ-38-t0r-view-8bC-Xf-vdC.nib ... 
2019-03-29 11:18:51 +0000  1790 bytes for ./Payload/LPDoorBell.app/Base.lproj/Main.storyboardc/BYZ-38-t0r-view-8bC-Xf-vdC.nib
2019-03-29 11:18:51 +0000  copying file ./Payload/LPDoorBell.app/Base.lproj/Main.storyboardc/Info.plist ... 
258 bytes for ./Payload/LPDoorBell.app/Base.lproj/Main.storyboardc/Info.plist
2019-03-29 11:18:51 +0000  copying file ./Payload/LPDoorBell.app/Base.lproj/LaunchScreen.storyboardc/01J-lp-oVM-view-Ze5-6b-2t3.nib ... 
2019-03-29 11:18:51 +0000  3499 bytes for ./Payload/LPDoorBell.app/Base.lproj/LaunchScreen.storyboardc/01J-lp-oVM-view-Ze5-6b-2t3.nib
2019-03-29 11:18:51 +0000  copying file ./Payload/LPDoorBell.app/Base.lproj/LaunchScreen.storyboardc/UIViewController-01J-lp-oVM.nib ... 
2019-03-29 11:18:51 +0000  832 bytes for ./Payload/LPDoorBell.app/Base.lproj/LaunchScreen.storyboardc/UIViewController-01J-lp-oVM.nib
copying file ./Payload/LPDoorBell.app/Base.lproj/LaunchScreen.storyboardc/Info.plist ... 
2019-03-29 11:18:51 +0000  258 bytes for ./Payload/LPDoorBell.app/Base.lproj/LaunchScreen.storyboardc/Info.plist
copying file ./Payload/LPDoorBell.app/ic_handup_normal.png ... 
2019-03-29 11:18:51 +0000  5939 bytes for ./Payload/LPDoorBell.app/ic_handup_normal.png
2019-03-29 11:18:51 +0000  copying file ./Payload/LPDoorBell.app/noti1.png ... 
2019-03-29 11:18:51 +0000  14986 bytes for ./Payload/LPDoorBell.app/noti1.png
2019-03-29 11:18:51 +0000  copying file ./Payload/LPDoorBell.app/edit2.png ... 
2019-03-29 11:18:51 +0000  949 bytes for ./Payload/LPDoorBell.app/edit2.png
copying file ./Payload/LPDoorBell.app/ic_key.png ... 
2019-03-29 11:18:51 +0000  3435 bytes for ./Payload/LPDoorBell.app/ic_key.png
2019-03-29 11:18:51 +0000  copying file ./Payload/LPDoorBell.app/ic_share_pressed.png ... 
2019-03-29 11:18:51 +0000  1349 bytes for ./Payload/LPDoorBell.app/ic_share_pressed.png
2019-03-29 11:18:51 +0000  copying file ./Payload/LPDoorBell.app/line@2x.png ... 
2019-03-29 11:18:51 +0000  12060 bytes for ./Payload/LPDoorBell.app/line@2x.png
2019-03-29 11:18:51 +0000  copying file ./Payload/LPDoorBell.app/ic_mine_normal@3x.png ... 
2019-03-29 11:18:51 +0000  6994 bytes for ./Payload/LPDoorBell.app/ic_mine_normal@3x.png
2019-03-29 11:18:51 +0000  copying file ./Payload/LPDoorBell.app/ic_clear.png ... 
2019-03-29 11:18:51 +0000  457 bytes for ./Payload/LPDoorBell.app/ic_clear.png
copying file ./Payload/LPDoorBell.app/ic_wechat_default.png ... 
2019-03-29 11:18:51 +0000  4768 bytes for ./Payload/LPDoorBell.app/ic_wechat_default.png
2019-03-29 11:18:51 +0000  copying file ./Payload/LPDoorBell.app/ic_mute.png ... 
2019-03-29 11:18:51 +0000  6101 bytes for ./Payload/LPDoorBell.app/ic_mute.png
2019-03-29 11:18:51 +0000  copying file ./Payload/LPDoorBell.app/tab_qworld_nor@3x.png ... 
2019-03-29 11:18:51 +0000  2898 bytes for ./Payload/LPDoorBell.app/tab_qworld_nor@3x.png
copying file ./Payload/LPDoorBell.app/ios_timeZones.plist ... 
2019-03-29 11:18:51 +0000  15047 bytes for ./Payload/LPDoorBell.app/ios_timeZones.plist
2019-03-29 11:18:51 +0000  copying file ./Payload/LPDoorBell.app/转接1.png ... 
2019-03-29 11:18:51 +0000  8475 bytes for ./Payload/LPDoorBell.app/转接1.png
2019-03-29 11:18:51 +0000  copying file ./Payload/LPDoorBell.app/b5xx.png ... 
2019-03-29 11:18:51 +0000  4213 bytes for ./Payload/LPDoorBell.app/b5xx.png
2019-03-29 11:18:51 +0000  copying file ./Payload/LPDoorBell.app/PlayRecVideoViewController.nib ... 
2019-03-29 11:18:51 +0000  4439 bytes for ./Payload/LPDoorBell.app/PlayRecVideoViewController.nib
2019-03-29 11:18:51 +0000  copying file ./Payload/LPDoorBell.app/right_menu_QR@3x.png ... 
2019-03-29 11:18:51 +0000  704 bytes for ./Payload/LPDoorBell.app/right_menu_QR@3x.png
copying file ./Payload/LPDoorBell.app/ic_back_normal.png ... 
2019-03-29 11:18:51 +0000  495 bytes for ./Payload/LPDoorBell.app/ic_back_normal.png
copying file ./Payload/LPDoorBell.app/ic_handup_press.png ... 
2019-03-29 11:18:51 +0000  3765 bytes for ./Payload/LPDoorBell.app/ic_handup_press.png
2019-03-29 11:18:51 +0000  copying file ./Payload/LPDoorBell.app/eventListPlaceholder1.png ... 
2019-03-29 11:18:51 +0000  4159 bytes for ./Payload/LPDoorBell.app/eventListPlaceholder1.png
copying file ./Payload/LPDoorBell.app/login_user_hightlighted.png ... 
2019-03-29 11:18:51 +0000  978 bytes for ./Payload/LPDoorBell.app/login_user_hightlighted.png
copying file ./Payload/LPDoorBell.app/di.mp3 ... 
2019-03-29 11:18:51 +0000  2208 bytes for ./Payload/LPDoorBell.app/di.mp3
2019-03-29 11:18:51 +0000  copying file ./Payload/LPDoorBell.app/Assets.car ... 
2019-03-29 11:18:51 +0000  717752 bytes for ./Payload/LPDoorBell.app/Assets.car
2019-03-29 11:18:51 +0000  copying file ./Payload/LPDoorBell.app/转接2.png ... 
2019-03-29 11:18:51 +0000  5282 bytes for ./Payload/LPDoorBell.app/转接2.png
copying file ./Payload/LPDoorBell.app/qvip_pay_logo_addcard@2x.png ... 
2019-03-29 11:18:51 +0000  198 bytes for ./Payload/LPDoorBell.app/qvip_pay_logo_addcard@2x.png
copying file ./Payload/LPDoorBell.app/bar2.png ... 
2019-03-29 11:18:51 +0000  1242 bytes for ./Payload/LPDoorBell.app/bar2.png
copying file ./Payload/LPDoorBell.app/ic_share_normal.png ... 
2019-03-29 11:18:51 +0000  1908 bytes for ./Payload/LPDoorBell.app/ic_share_normal.png
2019-03-29 11:18:51 +0000  copying file ./Payload/LPDoorBell.app/img_title_background_gaoshi.png ... 
2019-03-29 11:18:51 +0000  438944 bytes for ./Payload/LPDoorBell.app/img_title_background_gaoshi.png
2019-03-29 11:18:51 +0000  copying file ./Payload/LPDoorBell.app/QUIArrow@2x.png ... 
250 bytes for ./Payload/LPDoorBell.app/QUIArrow@2x.png
2019-03-29 11:18:51 +0000  copying file ./Payload/LPDoorBell.app/AppIcon76x76@2x~ipad.png ... 
2019-03-29 11:18:51 +0000  10966 bytes for ./Payload/LPDoorBell.app/AppIcon76x76@2x~ipad.png
2019-03-29 11:18:51 +0000  copying file ./Payload/LPDoorBell.app/btn_largeimagelayer_weixin@2x.png ... 
2019-03-29 11:18:51 +0000  2327 bytes for ./Payload/LPDoorBell.app/btn_largeimagelayer_weixin@2x.png
copying file ./Payload/LPDoorBell.app/LPDoorBell ... 
2019-03-29 11:18:52 +0000  15181312 bytes for ./Payload/LPDoorBell.app/LPDoorBell
2019-03-29 11:18:52 +0000  copying file ./Payload/LPDoorBell.app/bar_normal.png ... 
2097 bytes for ./Payload/LPDoorBell.app/bar_normal.png
copying file ./Payload/LPDoorBell.app/qvip_pay_logo_add@2x.png ... 
114 bytes for ./Payload/LPDoorBell.app/qvip_pay_logo_add@2x.png
copying file ./Payload/LPDoorBell.app/ic_arrow_back_black.png ... 
3240 bytes for ./Payload/LPDoorBell.app/ic_arrow_back_black.png
copying file ./Payload/LPDoorBell.app/LocalVideoCollectionViewCell.nib ... 
5055 bytes for ./Payload/LPDoorBell.app/LocalVideoCollectionViewCell.nib
copying file ./Payload/LPDoorBell.app/ic_arrow_right_white.png ... 
443 bytes for ./Payload/LPDoorBell.app/ic_arrow_right_white.png
copying file ./Payload/LPDoorBell.app/ic_friend.png ... 
2019-03-29 11:18:52 +0000  2113 bytes for ./Payload/LPDoorBell.app/ic_friend.png
copying file ./Payload/LPDoorBell.app/Twitter.png ... 
2019-03-29 11:18:52 +0000  6701 bytes for ./Payload/LPDoorBell.app/Twitter.png
2019-03-29 11:18:52 +0000  copying file ./Payload/LPDoorBell.app/icon_res_download_collect.png ... 
2019-03-29 11:18:52 +0000  11161 bytes for ./Payload/LPDoorBell.app/icon_res_download_collect.png
2019-03-29 11:18:52 +0000  copying file ./Payload/LPDoorBell.app/icon48_wx_button.png ... 
2019-03-29 11:18:52 +0000  3342 bytes for ./Payload/LPDoorBell.app/icon48_wx_button.png
copying file ./Payload/LPDoorBell.app/bg_ringing.png ... 
2019-03-29 11:18:52 +0000  120586 bytes for ./Payload/LPDoorBell.app/bg_ringing.png
2019-03-29 11:18:52 +0000  copying file ./Payload/LPDoorBell.app/QQ.png ... 
2019-03-29 11:18:52 +0000  16566 bytes for ./Payload/LPDoorBell.app/QQ.png
2019-03-29 11:18:52 +0000  copying file ./Payload/LPDoorBell.app/ic_play_normal.png ... 
2019-03-29 11:18:52 +0000  36810 bytes for ./Payload/LPDoorBell.app/ic_play_normal.png
2019-03-29 11:18:52 +0000  copying file ./Payload/LPDoorBell.app/ic_left_normal.png ... 
2019-03-29 11:18:52 +0000  678 bytes for ./Payload/LPDoorBell.app/ic_left_normal.png
copying file ./Payload/LPDoorBell.app/bg_edit_1.png ... 
2019-03-29 11:18:52 +0000  2076 bytes for ./Payload/LPDoorBell.app/bg_edit_1.png
2019-03-29 11:18:52 +0000  copying file ./Payload/LPDoorBell.app/ic_mine_checked@3x.png ... 
2019-03-29 11:18:52 +0000  5745 bytes for ./Payload/LPDoorBell.app/ic_mine_checked@3x.png
copying file ./Payload/LPDoorBell.app/ic_play.png ... 
2019-03-29 11:18:52 +0000  1165 bytes for ./Payload/LPDoorBell.app/ic_play.png
2019-03-29 11:18:52 +0000  copying file ./Payload/LPDoorBell.app/ic_checked.png ... 
2019-03-29 11:18:52 +0000  1045 bytes for ./Payload/LPDoorBell.app/ic_checked.png
copying file ./Payload/LPDoorBell.app/LockPlaceholder.png ... 
2019-03-29 11:18:52 +0000  5116 bytes for ./Payload/LPDoorBell.app/LockPlaceholder.png
2019-03-29 11:18:52 +0000  copying file ./Payload/LPDoorBell.app/ic_head_normal.png ... 
2019-03-29 11:18:52 +0000  3824 bytes for ./Payload/LPDoorBell.app/ic_head_normal.png
copying file ./Payload/LPDoorBell.app/README.txt ... 
2019-03-29 11:18:52 +0000  2038 bytes for ./Payload/LPDoorBell.app/README.txt
2019-03-29 11:18:52 +0000  copying file ./Payload/LPDoorBell.app/ic_call_decline_activated.png ... 
2019-03-29 11:18:52 +0000  1753 bytes for ./Payload/LPDoorBell.app/ic_call_decline_activated.png
copying file ./Payload/LPDoorBell.app/ic_logo.png ... 
2019-03-29 11:18:52 +0000  20333 bytes for ./Payload/LPDoorBell.app/ic_logo.png
2019-03-29 11:18:52 +0000  copying file ./Payload/LPDoorBell.app/ic_call_answer_activated.png ... 
2019-03-29 11:18:52 +0000  1327 bytes for ./Payload/LPDoorBell.app/ic_call_answer_activated.png
copying file ./Payload/LPDoorBell.app/icon32_wx_button.png ... 
2019-03-29 11:18:52 +0000  2275 bytes for ./Payload/LPDoorBell.app/icon32_wx_button.png
copying file ./Payload/LPDoorBell.app/unlock_press.png ... 
2019-03-29 11:18:52 +0000  3728 bytes for ./Payload/LPDoorBell.app/unlock_press.png
2019-03-29 11:18:52 +0000  copying file ./Payload/LPDoorBell.app/lock_ic.png ... 
2019-03-29 11:18:52 +0000  2360 bytes for ./Payload/LPDoorBell.app/lock_ic.png
copying file ./Payload/LPDoorBell.app/unlock.png ... 
2019-03-29 11:18:52 +0000  5438 bytes for ./Payload/LPDoorBell.app/unlock.png
2019-03-29 11:18:52 +0000  copying file ./Payload/LPDoorBell.app/bi.mp3 ... 
2019-03-29 11:18:52 +0000  2448 bytes for ./Payload/LPDoorBell.app/bi.mp3
copying file ./Payload/LPDoorBell.app/ic_left_pressed.png ... 
2019-03-29 11:18:52 +0000  1003 bytes for ./Payload/LPDoorBell.app/ic_left_pressed.png
2019-03-29 11:18:52 +0000  copying file ./Payload/LPDoorBell.app/aio_image_fail@2x.png ... 
2019-03-29 11:18:52 +0000  352 bytes for ./Payload/LPDoorBell.app/aio_image_fail@2x.png
copying file ./Payload/LPDoorBell.app/指纹.png ... 
2019-03-29 11:18:52 +0000  13913 bytes for ./Payload/LPDoorBell.app/指纹.png
2019-03-29 11:18:52 +0000  copying file ./Payload/LPDoorBell.app/bottleNightBkg@2x.jpg ... 
2019-03-29 11:18:52 +0000  13719 bytes for ./Payload/LPDoorBell.app/bottleNightBkg@2x.jpg
2019-03-29 11:18:52 +0000  copying file ./Payload/LPDoorBell.app/aio_image_default@2x.png ... 
288 bytes for ./Payload/LPDoorBell.app/aio_image_default@2x.png
2019-03-29 11:18:52 +0000  copying file ./Payload/LPDoorBell.app/HDSecondBleConfigViewController.nib ... 
2019-03-29 11:18:52 +0000  3943 bytes for ./Payload/LPDoorBell.app/HDSecondBleConfigViewController.nib
2019-03-29 11:18:52 +0000  copying file ./Payload/LPDoorBell.app/img_record_setting.jpg ... 
2019-03-29 11:18:52 +0000  31039 bytes for ./Payload/LPDoorBell.app/img_record_setting.jpg
2019-03-29 11:18:52 +0000  copying file ./Payload/LPDoorBell.app/icon_res_download_moments.png ... 
2019-03-29 11:18:52 +0000  38348 bytes for ./Payload/LPDoorBell.app/icon_res_download_moments.png
2019-03-29 11:18:52 +0000  copying file ./Payload/LPDoorBell.app/keySelected_no.png ... 
2019-03-29 11:18:52 +0000  4363 bytes for ./Payload/LPDoorBell.app/keySelected_no.png
2019-03-29 11:18:52 +0000  copying file ./Payload/LPDoorBell.app/LINE.png ... 
2019-03-29 11:18:52 +0000  10643 bytes for ./Payload/LPDoorBell.app/LINE.png
2019-03-29 11:18:52 +0000  copying file ./Payload/LPDoorBell.app/ic_loading_gray.png ... 
2019-03-29 11:18:52 +0000  1223 bytes for ./Payload/LPDoorBell.app/ic_loading_gray.png
copying file ./Payload/LPDoorBell.app/mute.png ... 
2019-03-29 11:18:52 +0000  6101 bytes for ./Payload/LPDoorBell.app/mute.png
2019-03-29 11:18:52 +0000  copying file ./Payload/LPDoorBell.app/login_user.png ... 
479 bytes for ./Payload/LPDoorBell.app/login_user.png
2019-03-29 11:18:52 +0000  copying file ./Payload/LPDoorBell.app/chat_bottom_up_press@2x.png ... 
2019-03-29 11:18:52 +0000  611 bytes for ./Payload/LPDoorBell.app/chat_bottom_up_press@2x.png
copying file ./Payload/LPDoorBell.app/LocalViewHeadCollectionReusableView.nib ... 
2019-03-29 11:18:52 +0000  2408 bytes for ./Payload/LPDoorBell.app/LocalViewHeadCollectionReusableView.nib
2019-03-29 11:18:52 +0000  copying file ./Payload/LPDoorBell.app/未分享的好友.png ... 
2019-03-29 11:18:52 +0000  2495 bytes for ./Payload/LPDoorBell.app/未分享的好友.png
copying file ./Payload/LPDoorBell.app/embedded.mobileprovision ... 
2019-03-29 11:18:52 +0000  12429 bytes for ./Payload/LPDoorBell.app/embedded.mobileprovision
2019-03-29 11:18:52 +0000  copying file ./Payload/LPDoorBell.app/b4xx.png ... 
2019-03-29 11:18:52 +0000  4008 bytes for ./Payload/LPDoorBell.app/b4xx.png
copying file ./Payload/LPDoorBell.app/ic_back_press.png ... 
2019-03-29 11:18:52 +0000  3113 bytes for ./Payload/LPDoorBell.app/ic_back_press.png
2019-03-29 11:18:52 +0000  copying file ./Payload/LPDoorBell.app/Wechat.png ... 
2019-03-29 11:18:52 +0000  10455 bytes for ./Payload/LPDoorBell.app/Wechat.png
2019-03-29 11:18:52 +0000  copying file ./Payload/LPDoorBell.app/Facebook.png ... 
2019-03-29 11:18:52 +0000  5955 bytes for ./Payload/LPDoorBell.app/Facebook.png
copying file ./Payload/LPDoorBell.app/ring.caf ... 
2019-03-29 11:18:52 +0000  94400 bytes for ./Payload/LPDoorBell.app/ring.caf
2019-03-29 11:18:52 +0000  copying file ./Payload/LPDoorBell.app/chat_bottom_up_nor@2x.png ... 
2019-03-29 11:18:52 +0000  1587 bytes for ./Payload/LPDoorBell.app/chat_bottom_up_nor@2x.png
copying file ./Payload/LPDoorBell.app/ConfigExplainView.nib ... 
2019-03-29 11:18:52 +0000  5233 bytes for ./Payload/LPDoorBell.app/ConfigExplainView.nib
2019-03-29 11:18:52 +0000  copying file ./Payload/LPDoorBell.app/ic_unlock_normal.png ... 
2019-03-29 11:18:52 +0000  5438 bytes for ./Payload/LPDoorBell.app/ic_unlock_normal.png
2019-03-29 11:18:52 +0000  copying file ./Payload/LPDoorBell.app/ic_play_pressed.png ... 
2019-03-29 11:18:52 +0000  27360 bytes for ./Payload/LPDoorBell.app/ic_play_pressed.png
2019-03-29 11:18:52 +0000  copying file ./Payload/LPDoorBell.app/ic_device_checked@3x.png ... 
2019-03-29 11:18:52 +0000  7489 bytes for ./Payload/LPDoorBell.app/ic_device_checked@3x.png
2019-03-29 11:18:52 +0000  copying file ./Payload/LPDoorBell.app/HDWifiListTableViewCell.nib ... 
2019-03-29 11:18:52 +0000  3684 bytes for ./Payload/LPDoorBell.app/HDWifiListTableViewCell.nib
copying file ./Payload/LPDoorBell.app/input_mic_white.png ... 
2019-03-29 11:18:52 +0000  663 bytes for ./Payload/LPDoorBell.app/input_mic_white.png
2019-03-29 11:18:52 +0000  copying file ./Payload/LPDoorBell.app/keySelected.png ... 
2019-03-29 11:18:52 +0000  4490 bytes for ./Payload/LPDoorBell.app/keySelected.png
copying file ./Payload/LPDoorBell.app/ic_add_gray.png ... 
2019-03-29 11:18:52 +0000  592 bytes for ./Payload/LPDoorBell.app/ic_add_gray.png
copying file ./Payload/LPDoorBell.app/bar_click.png ... 
2019-03-29 11:18:52 +0000  2109 bytes for ./Payload/LPDoorBell.app/bar_click.png
2019-03-29 11:18:52 +0000  copying file ./Payload/LPDoorBell.app/ic_wx_login_default.png ... 
2019-03-29 11:18:52 +0000  3342 bytes for ./Payload/LPDoorBell.app/ic_wx_login_default.png
copying file ./Payload/LPDoorBell.app/ic_right_pressed.png ... 
2019-03-29 11:18:52 +0000  996 bytes for ./Payload/LPDoorBell.app/ic_right_pressed.png
2019-03-29 11:18:52 +0000  copying file ./Payload/LPDoorBell.app/ic_wechat_pressed.png ... 
2019-03-29 11:18:52 +0000  3506 bytes for ./Payload/LPDoorBell.app/ic_wechat_pressed.png
2019-03-29 11:18:52 +0000  copying file ./Payload/LPDoorBell.app/Info.plist ... 
2019-03-29 11:18:52 +0000  2509 bytes for ./Payload/LPDoorBell.app/Info.plist
copying file ./Payload/LPDoorBell.app/指纹1.png ... 
2019-03-29 11:18:52 +0000  15414 bytes for ./Payload/LPDoorBell.app/指纹1.png
2019-03-29 11:18:52 +0000  copying file ./Payload/LPDoorBell.app/ic_speak.png ... 
2019-03-29 11:18:52 +0000  3814 bytes for ./Payload/LPDoorBell.app/ic_speak.png
copying file ./Payload/LPDoorBell.app/bat_ic.png ... 
2019-03-29 11:18:52 +0000  5857 bytes for ./Payload/LPDoorBell.app/bat_ic.png
2019-03-29 11:18:52 +0000  copying file ./Payload/LPDoorBell.app/ic_call_answer_normal.png ... 
2019-03-29 11:18:52 +0000  1408 bytes for ./Payload/LPDoorBell.app/ic_call_answer_normal.png
copying file ./Payload/LPDoorBell.app/PkgInfo ... 
2019-03-29 11:18:52 +0000  8 bytes for ./Payload/LPDoorBell.app/PkgInfo
copying file ./Payload/LPDoorBell.app/已分享的好友.png ... 
2019-03-29 11:18:52 +0000  2052 bytes for ./Payload/LPDoorBell.app/已分享的好友.png
copying file ./Payload/LPDoorBell.app/ic_qrcode_scan_gray.png ... 
2019-03-29 11:18:52 +0000  187 bytes for ./Payload/LPDoorBell.app/ic_qrcode_scan_gray.png
2019-03-29 11:18:52 +0000  /usr/bin/ditto exited with 0
2019-03-29 11:18:52 +0000  Processing step: IDEDistributionAppStoreInformationStep
2019-03-29 11:18:52 +0000  Skipping step: IDEDistributionAppStoreInformationStep because it said so
2019-03-29 11:18:52 +0000  Processing step: IDEDistributionCreateManifestStep
